

Microchip MPLAB XC8 Assembler V2.31 build 20201012212115 
                                                                                               Tue Jul 20 00:27:00 2021

Microchip MPLAB XC8 C Compiler v2.31 (Free license) build 20201012212115 Og1 
     1                           	processor	16F887
     2                           	pagewidth 120
     3                           	opt	flic
     4                           	psect	idataBANK0,global,class=CODE,delta=2,noexec
     5                           	psect	nvBANK0,global,class=BANK0,space=1,delta=1,noexec
     6                           	psect	cinit,global,class=CODE,merge=1,delta=2
     7                           	psect	bssCOMMON,global,class=COMMON,space=1,delta=1,noexec
     8                           	psect	bssBANK0,global,class=BANK0,space=1,delta=1,noexec
     9                           	psect	dataBANK0,global,class=BANK0,space=1,delta=1,noexec
    10                           	psect	inittext,global,class=CODE,delta=2
    11                           	psect	cstackCOMMON,global,class=COMMON,space=1,delta=1,noexec
    12                           	psect	cstackBANK0,global,class=BANK0,space=1,delta=1,noexec
    13                           	psect	maintext,global,class=CODE,split=1,delta=2
    14                           	psect	text1,local,class=CODE,merge=1,delta=2
    15                           	psect	text2,local,class=CODE,merge=1,delta=2
    16                           	psect	text3,local,class=CODE,merge=1,delta=2
    17                           	psect	text4,local,class=CODE,merge=1,delta=2
    18                           	psect	text5,local,class=CODE,merge=1,delta=2
    19                           	psect	intentry,global,class=CODE,delta=2
    20                           	psect	config,global,abs,ovrld,class=CONFIG,space=4,delta=2,noexec
    21                           	dabs	1,0x7E,2
    22  0000                     
    23                           ; Version 2.20
    24                           ; Generated 12/02/2020 GMT
    25                           ; 
    26                           ; Copyright © 2020, Microchip Technology Inc. and its subsidiaries ("Microchip")
    27                           ; All rights reserved.
    28                           ; 
    29                           ; This software is developed by Microchip Technology Inc. and its subsidiaries ("Microch
      +                          ip").
    30                           ; 
    31                           ; Redistribution and use in source and binary forms, with or without modification, are
    32                           ; permitted provided that the following conditions are met:
    33                           ; 
    34                           ;     1. Redistributions of source code must retain the above copyright notice, this lis
      +                          t of
    35                           ;        conditions and the following disclaimer.
    36                           ; 
    37                           ;     2. Redistributions in binary form must reproduce the above copyright notice, this 
      +                          list
    38                           ;        of conditions and the following disclaimer in the documentation and/or other
    39                           ;        materials provided with the distribution.
    40                           ; 
    41                           ;     3. Microchip's name may not be used to endorse or promote products derived from th
      +                          is
    42                           ;        software without specific prior written permission.
    43                           ; 
    44                           ; THIS SOFTWARE IS PROVIDED BY MICROCHIP "AS IS" AND ANY EXPRESS OR IMPLIED WARRANTIES,
    45                           ; INCLUDING, BUT NOT LIMITED TO, THE IMPLIED WARRANTIES OF MERCHANTABILITY AND FITNESS F
      +                          OR
    46                           ; PURPOSE ARE DISCLAIMED.  IN NO EVENT SHALL MICROCHIP BE LIABLE FOR ANY DIRECT, INDIREC
      +                          T,
    47                           ; INCIDENTAL, SPECIAL, EXEMPLARY, OR CONSEQUENTIAL DAMAGES (INCLUDING BUT NOT LIMITED TO
    48                           ; PROCUREMENT OF SUBSTITUTE GOODS OR SERVICES; LOSS OF USE, DATA OR PROFITS; OR BUSINESS
    49                           ; INTERRUPTION) HOWSOEVER CAUSED AND ON ANY THEORY OF LIABILITY, WHETHER IN CONTRACT, ST
      +                          RICT
    50                           ; LIABILITY, OR TORT (INCLUDING NEGLIGENCE OR OTHERWISE) ARISING IN ANY WAY OUT OF THE U
      +                          SE OF
    51                           ; THIS SOFTWARE, EVEN IF ADVISED OF THE POSSIBILITY OF SUCH DAMAGE.
    52                           ; 
    53                           ; 
    54                           ; Code-generator required, PIC16F887 Definitions
    55                           ; 
    56                           ; SFR Addresses
    57  0000                     	;# 
    58  0001                     	;# 
    59  0002                     	;# 
    60  0003                     	;# 
    61  0004                     	;# 
    62  0005                     	;# 
    63  0006                     	;# 
    64  0007                     	;# 
    65  0008                     	;# 
    66  0009                     	;# 
    67  000A                     	;# 
    68  000B                     	;# 
    69  000C                     	;# 
    70  000D                     	;# 
    71  000E                     	;# 
    72  000E                     	;# 
    73  000F                     	;# 
    74  0010                     	;# 
    75  0011                     	;# 
    76  0012                     	;# 
    77  0013                     	;# 
    78  0014                     	;# 
    79  0015                     	;# 
    80  0015                     	;# 
    81  0016                     	;# 
    82  0017                     	;# 
    83  0018                     	;# 
    84  0019                     	;# 
    85  001A                     	;# 
    86  001B                     	;# 
    87  001B                     	;# 
    88  001C                     	;# 
    89  001D                     	;# 
    90  001E                     	;# 
    91  001F                     	;# 
    92  0081                     	;# 
    93  0085                     	;# 
    94  0086                     	;# 
    95  0087                     	;# 
    96  0088                     	;# 
    97  0089                     	;# 
    98  008C                     	;# 
    99  008D                     	;# 
   100  008E                     	;# 
   101  008F                     	;# 
   102  0090                     	;# 
   103  0091                     	;# 
   104  0092                     	;# 
   105  0093                     	;# 
   106  0093                     	;# 
   107  0093                     	;# 
   108  0094                     	;# 
   109  0095                     	;# 
   110  0096                     	;# 
   111  0097                     	;# 
   112  0098                     	;# 
   113  0099                     	;# 
   114  009A                     	;# 
   115  009B                     	;# 
   116  009C                     	;# 
   117  009D                     	;# 
   118  009E                     	;# 
   119  009F                     	;# 
   120  0105                     	;# 
   121  0107                     	;# 
   122  0108                     	;# 
   123  0109                     	;# 
   124  010C                     	;# 
   125  010C                     	;# 
   126  010D                     	;# 
   127  010E                     	;# 
   128  010F                     	;# 
   129  0185                     	;# 
   130  0187                     	;# 
   131  0188                     	;# 
   132  0189                     	;# 
   133  018C                     	;# 
   134  018D                     	;# 
   135  0000                     	;# 
   136  0001                     	;# 
   137  0002                     	;# 
   138  0003                     	;# 
   139  0004                     	;# 
   140  0005                     	;# 
   141  0006                     	;# 
   142  0007                     	;# 
   143  0008                     	;# 
   144  0009                     	;# 
   145  000A                     	;# 
   146  000B                     	;# 
   147  000C                     	;# 
   148  000D                     	;# 
   149  000E                     	;# 
   150  000E                     	;# 
   151  000F                     	;# 
   152  0010                     	;# 
   153  0011                     	;# 
   154  0012                     	;# 
   155  0013                     	;# 
   156  0014                     	;# 
   157  0015                     	;# 
   158  0015                     	;# 
   159  0016                     	;# 
   160  0017                     	;# 
   161  0018                     	;# 
   162  0019                     	;# 
   163  001A                     	;# 
   164  001B                     	;# 
   165  001B                     	;# 
   166  001C                     	;# 
   167  001D                     	;# 
   168  001E                     	;# 
   169  001F                     	;# 
   170  0081                     	;# 
   171  0085                     	;# 
   172  0086                     	;# 
   173  0087                     	;# 
   174  0088                     	;# 
   175  0089                     	;# 
   176  008C                     	;# 
   177  008D                     	;# 
   178  008E                     	;# 
   179  008F                     	;# 
   180  0090                     	;# 
   181  0091                     	;# 
   182  0092                     	;# 
   183  0093                     	;# 
   184  0093                     	;# 
   185  0093                     	;# 
   186  0094                     	;# 
   187  0095                     	;# 
   188  0096                     	;# 
   189  0097                     	;# 
   190  0098                     	;# 
   191  0099                     	;# 
   192  009A                     	;# 
   193  009B                     	;# 
   194  009C                     	;# 
   195  009D                     	;# 
   196  009E                     	;# 
   197  009F                     	;# 
   198  0105                     	;# 
   199  0107                     	;# 
   200  0108                     	;# 
   201  0109                     	;# 
   202  010C                     	;# 
   203  010C                     	;# 
   204  010D                     	;# 
   205  010E                     	;# 
   206  010F                     	;# 
   207  0185                     	;# 
   208  0187                     	;# 
   209  0188                     	;# 
   210  0189                     	;# 
   211  018C                     	;# 
   212  018D                     	;# 
   213  0000                     	;# 
   214  0001                     	;# 
   215  0002                     	;# 
   216  0003                     	;# 
   217  0004                     	;# 
   218  0005                     	;# 
   219  0006                     	;# 
   220  0007                     	;# 
   221  0008                     	;# 
   222  0009                     	;# 
   223  000A                     	;# 
   224  000B                     	;# 
   225  000C                     	;# 
   226  000D                     	;# 
   227  000E                     	;# 
   228  000E                     	;# 
   229  000F                     	;# 
   230  0010                     	;# 
   231  0011                     	;# 
   232  0012                     	;# 
   233  0013                     	;# 
   234  0014                     	;# 
   235  0015                     	;# 
   236  0015                     	;# 
   237  0016                     	;# 
   238  0017                     	;# 
   239  0018                     	;# 
   240  0019                     	;# 
   241  001A                     	;# 
   242  001B                     	;# 
   243  001B                     	;# 
   244  001C                     	;# 
   245  001D                     	;# 
   246  001E                     	;# 
   247  001F                     	;# 
   248  0081                     	;# 
   249  0085                     	;# 
   250  0086                     	;# 
   251  0087                     	;# 
   252  0088                     	;# 
   253  0089                     	;# 
   254  008C                     	;# 
   255  008D                     	;# 
   256  008E                     	;# 
   257  008F                     	;# 
   258  0090                     	;# 
   259  0091                     	;# 
   260  0092                     	;# 
   261  0093                     	;# 
   262  0093                     	;# 
   263  0093                     	;# 
   264  0094                     	;# 
   265  0095                     	;# 
   266  0096                     	;# 
   267  0097                     	;# 
   268  0098                     	;# 
   269  0099                     	;# 
   270  009A                     	;# 
   271  009B                     	;# 
   272  009C                     	;# 
   273  009D                     	;# 
   274  009E                     	;# 
   275  009F                     	;# 
   276  0105                     	;# 
   277  0107                     	;# 
   278  0108                     	;# 
   279  0109                     	;# 
   280  010C                     	;# 
   281  010C                     	;# 
   282  010D                     	;# 
   283  010E                     	;# 
   284  010F                     	;# 
   285  0185                     	;# 
   286  0187                     	;# 
   287  0188                     	;# 
   288  0189                     	;# 
   289  018C                     	;# 
   290  018D                     	;# 
   291                           
   292                           	psect	idataBANK0
   293  0177                     __pidataBANK0:
   294                           
   295                           ;initializer for _tabla
   296  0177  343F               	retlw	63
   297  0178  3406               	retlw	6
   298  0179  345B               	retlw	91
   299  017A  344F               	retlw	79
   300  017B  3466               	retlw	102
   301  017C  346D               	retlw	109
   302  017D  347D               	retlw	125
   303  017E  3407               	retlw	7
   304  017F  347F               	retlw	127
   305  0180  346F               	retlw	111
   306  0181  3477               	retlw	119
   307  0182  347C               	retlw	124
   308  0183  3439               	retlw	57
   309  0184  345E               	retlw	94
   310  0185  3479               	retlw	121
   311  0186  3471               	retlw	113
   312                           
   313                           	psect	nvBANK0
   314  0033                     __pnvBANK0:
   315  0033                     _flag:
   316  0033                     	ds	2
   317  0006                     _PORTB	set	6
   318  0005                     _PORTA	set	5
   319  0007                     _PORTC	set	7
   320  0006                     _PORTBbits	set	6
   321  0001                     _TMR0	set	1
   322  000B                     _INTCONbits	set	11
   323  0008                     _PORTD	set	8
   324  0005                     _PORTAbits	set	5
   325  001E                     _ADRESH	set	30
   326  001F                     _ADCON0bits	set	31
   327  000C                     _PIR1bits	set	12
   328  002C                     _RA4	set	44
   329  00F9                     _GO	set	249
   330  0058                     _RBIF	set	88
   331  002E                     _RA6	set	46
   332  002D                     _RA5	set	45
   333  005A                     _T0IF	set	90
   334  009F                     _ADCON1bits	set	159
   335  008C                     _PIE1bits	set	140
   336  0096                     _IOCBbits	set	150
   337  0095                     _WPUB	set	149
   338  0081                     _OPTION_REGbits	set	129
   339  008F                     _OSCCONbits	set	143
   340  0088                     _TRISD	set	136
   341  0087                     _TRISC	set	135
   342  0086                     _TRISBbits	set	134
   343  0085                     _TRISAbits	set	133
   344  0189                     _ANSELH	set	393
   345  0188                     _ANSEL	set	392
   346                           
   347                           	psect	cinit
   348  0011                     start_initialization:	
   349                           ; #config settings
   350                           
   351  0011                     __initialization:
   352                           
   353                           ; Initialize objects allocated to BANK0
   354  0011  1383               	bcf	3,7	;select IRP bank0
   355  0012  3030               	movlw	low (__pdataBANK0+16)
   356  0013  00FD               	movwf	btemp+-1
   357  0014  3001               	movlw	high __pidataBANK0
   358  0015  00FE               	movwf	btemp
   359  0016  3077               	movlw	low __pidataBANK0
   360  0017  00FF               	movwf	btemp+1
   361  0018  3020               	movlw	low __pdataBANK0
   362  0019  0084               	movwf	4
   363  001A  120A  118A  2168  120A  118A  	fcall	init_ram0
   364                           
   365                           ; Clear objects allocated to BANK0
   366  001F  01B5               	clrf	__pbssBANK0& (0+127)
   367  0020  01B6               	clrf	(__pbssBANK0+1)& (0+127)
   368                           
   369                           ; Clear objects allocated to COMMON
   370  0021  01F0               	clrf	__pbssCOMMON& (0+127)
   371  0022  01F1               	clrf	(__pbssCOMMON+1)& (0+127)
   372  0023  01F2               	clrf	(__pbssCOMMON+2)& (0+127)
   373  0024  01F3               	clrf	(__pbssCOMMON+3)& (0+127)
   374  0025  01F4               	clrf	(__pbssCOMMON+4)& (0+127)
   375  0026                     end_of_initialization:	
   376                           ;End of C runtime variable initialization code
   377                           
   378  0026                     __end_of__initialization:
   379  0026  0183               	clrf	3
   380  0027  120A  118A  2917   	ljmp	_main	;jump to C main() function
   381                           
   382                           	psect	bssCOMMON
   383  0070                     __pbssCOMMON:
   384  0070                     _ADC:
   385  0070                     	ds	2
   386  0072                     _nib_do:
   387  0072                     	ds	1
   388  0073                     _nib_up:
   389  0073                     	ds	1
   390  0074                     _display:
   391  0074                     	ds	1
   392                           
   393                           	psect	bssBANK0
   394  0035                     __pbssBANK0:
   395  0035                     _multi:
   396  0035                     	ds	2
   397                           
   398                           	psect	dataBANK0
   399  0020                     __pdataBANK0:
   400  0020                     _tabla:
   401  0020                     	ds	16
   402                           
   403                           	psect	inittext
   404  0164                     init_fetch0:	
   405                           ;	Called with low address in FSR and high address in W
   406                           
   407  0164  087E               	movf	btemp,w
   408  0165  008A               	movwf	10
   409  0166  087F               	movf	btemp+1,w
   410  0167  0082               	movwf	2
   411  0168                     init_ram0:	
   412                           ;Called with:
   413                           ;	high address of idata address in btemp 
   414                           ;	low address of idata address in btemp+1 
   415                           ;	low address of data in FSR
   416                           ;	high address + 1 of data in btemp-1
   417                           
   418  0168  120A  118A  2164  120A  118A  	fcall	init_fetch0
   419  016D  0080               	movwf	0
   420  016E  0A84               	incf	4,f
   421  016F  0804               	movf	4,w
   422  0170  067D               	xorwf	btemp+-1,w
   423  0171  1903               	btfsc	3,2
   424  0172  3400               	retlw	0
   425  0173  0AFF               	incf	btemp+1,f
   426  0174  1903               	btfsc	3,2
   427  0175  0AFE               	incf	btemp,f
   428  0176  2968               	goto	init_ram0
   429                           
   430                           	psect	cstackCOMMON
   431  0075                     __pcstackCOMMON:
   432  0075                     ?_setup:
   433  0075                     ?_nibbles_setup:	
   434                           ; 1 bytes @ 0x0
   435                           
   436  0075                     ?_alarma:	
   437                           ; 1 bytes @ 0x0
   438                           
   439  0075                     ?_ADC_conf:	
   440                           ; 1 bytes @ 0x0
   441                           
   442  0075                     ?_isr:	
   443                           ; 1 bytes @ 0x0
   444                           
   445  0075                     ??_isr:	
   446                           ; 1 bytes @ 0x0
   447                           
   448  0075                     ?_main:	
   449                           ; 1 bytes @ 0x0
   450                           
   451                           
   452                           ; 1 bytes @ 0x0
   453  0075                     	ds	5
   454                           
   455                           	psect	cstackBANK0
   456  0030                     __pcstackBANK0:
   457  0030                     ??_nibbles_setup:
   458  0030                     ??_alarma:	
   459                           ; 1 bytes @ 0x0
   460                           
   461  0030                     ??_ADC_conf:	
   462                           ; 1 bytes @ 0x0
   463                           
   464                           
   465                           ; 1 bytes @ 0x0
   466  0030                     	ds	2
   467  0032                     nibbles_setup@display:
   468  0032                     ADC_conf@frec:	
   469                           ; 1 bytes @ 0x2
   470                           
   471                           
   472                           ; 1 bytes @ 0x2
   473  0032                     	ds	1
   474  0033                     ??_setup:
   475  0033                     ??_main:	
   476                           ; 1 bytes @ 0x3
   477                           
   478                           
   479                           	psect	maintext
   480  0117                     __pmaintext:	
   481                           ; 1 bytes @ 0x3
   482 ;;
   483 ;;Main: autosize = 0, tempsize = 0, incstack = 0, save=0
   484 ;;
   485 ;; *************** function _main *****************
   486 ;; Defined at:
   487 ;;		line 107 in file "Lab01.c"
   488 ;; Parameters:    Size  Location     Type
   489 ;;		None
   490 ;; Auto vars:     Size  Location     Type
   491 ;;		None
   492 ;; Return value:  Size  Location     Type
   493 ;;                  1    wreg      void 
   494 ;; Registers used:
   495 ;;		wreg, fsr0l, fsr0h, status,2, status,0, pclath, cstack
   496 ;; Tracked objects:
   497 ;;		On entry : B00/0
   498 ;;		On exit  : 0/0
   499 ;;		Unchanged: 0/0
   500 ;; Data sizes:     COMMON   BANK0   BANK1   BANK3   BANK2
   501 ;;      Params:         0       0       0       0       0
   502 ;;      Locals:         0       0       0       0       0
   503 ;;      Temps:          0       0       0       0       0
   504 ;;      Totals:         0       0       0       0       0
   505 ;;Total ram usage:        0 bytes
   506 ;; Hardware stack levels required when called:    3
   507 ;; This function calls:
   508 ;;		_alarma
   509 ;;		_nibbles_setup
   510 ;;		_setup
   511 ;; This function is called by:
   512 ;;		Startup code after reset
   513 ;; This function uses a non-reentrant model
   514 ;;
   515                           
   516                           
   517                           ;psect for function _main
   518  0117                     _main:
   519  0117                     l1314:	
   520                           ;incstack = 0
   521                           ; Regs used in _main: [wreg-fsr0h+status,2+status,0+pclath+cstack]
   522                           
   523                           
   524                           ;Lab01.c: 109:     setup();
   525  0117  120A  118A  20DC  120A  118A  	fcall	_setup
   526  011C                     l1316:
   527                           
   528                           ;Lab01.c: 113:     {;Lab01.c: 115:         nibbles_setup(ADC);
   529  011C  0870               	movf	_ADC,w
   530  011D  120A  118A  214E  120A  118A  	fcall	_nibbles_setup
   531  0122                     l1318:
   532                           
   533                           ;Lab01.c: 116:         if (GO == 0){
   534  0122  1283               	bcf	3,5	;RP0=0, select bank0
   535  0123  1303               	bcf	3,6	;RP1=0, select bank0
   536  0124  189F               	btfsc	31,1	;volatile
   537  0125  2927               	goto	u211
   538  0126  2928               	goto	u210
   539  0127                     u211:
   540  0127  292E               	goto	l1322
   541  0128                     u210:
   542  0128                     l1320:
   543                           
   544                           ;Lab01.c: 117:             _delay((unsigned long)((100)*(250000/4000000.0)));
   545  0128  2929               	nop2	;2 cycle nop
   546  0129  292A               	nop2	;2 cycle nop
   547  012A  292B               	nop2	;2 cycle nop
   548                           
   549                           ;Lab01.c: 118:             GO = 1;
   550  012B  1283               	bcf	3,5	;RP0=0, select bank0
   551  012C  1303               	bcf	3,6	;RP1=0, select bank0
   552  012D  149F               	bsf	31,1	;volatile
   553  012E                     l1322:
   554                           
   555                           ;Lab01.c: 120:         alarma();
   556  012E  120A  118A  2137  120A  118A  	fcall	_alarma
   557  0133  291C               	goto	l1316
   558  0134  120A  118A  280E   	ljmp	start
   559  0137                     __end_of_main:
   560                           
   561                           	psect	text1
   562  00DC                     __ptext1:	
   563 ;; *************** function _setup *****************
   564 ;; Defined at:
   565 ;;		line 128 in file "Lab01.c"
   566 ;; Parameters:    Size  Location     Type
   567 ;;		None
   568 ;; Auto vars:     Size  Location     Type
   569 ;;		None
   570 ;; Return value:  Size  Location     Type
   571 ;;                  1    wreg      void 
   572 ;; Registers used:
   573 ;;		wreg, fsr0l, fsr0h, status,2, status,0, pclath, cstack
   574 ;; Tracked objects:
   575 ;;		On entry : 0/0
   576 ;;		On exit  : 0/0
   577 ;;		Unchanged: 0/0
   578 ;; Data sizes:     COMMON   BANK0   BANK1   BANK3   BANK2
   579 ;;      Params:         0       0       0       0       0
   580 ;;      Locals:         0       0       0       0       0
   581 ;;      Temps:          0       0       0       0       0
   582 ;;      Totals:         0       0       0       0       0
   583 ;;Total ram usage:        0 bytes
   584 ;; Hardware stack levels used:    1
   585 ;; Hardware stack levels required when called:    2
   586 ;; This function calls:
   587 ;;		_ADC_conf
   588 ;; This function is called by:
   589 ;;		_main
   590 ;; This function uses a non-reentrant model
   591 ;;
   592                           
   593                           
   594                           ;psect for function _setup
   595  00DC                     _setup:
   596  00DC                     l1234:	
   597                           ;incstack = 0
   598                           ; Regs used in _setup: [wreg-fsr0h+status,2+status,0+pclath+cstack]
   599                           
   600                           
   601                           ;Lab01.c: 130:     flag = 1;
   602  00DC  3001               	movlw	1
   603  00DD  1283               	bcf	3,5	;RP0=0, select bank0
   604  00DE  1303               	bcf	3,6	;RP1=0, select bank0
   605  00DF  00B3               	movwf	_flag
   606  00E0  3000               	movlw	0
   607  00E1  00B4               	movwf	_flag+1
   608                           
   609                           ;Lab01.c: 133:     ANSEL = 0b00000001;
   610  00E2  3001               	movlw	1
   611  00E3  1683               	bsf	3,5	;RP0=1, select bank3
   612  00E4  1703               	bsf	3,6	;RP1=1, select bank3
   613  00E5  0088               	movwf	8	;volatile
   614  00E6                     l1236:
   615                           
   616                           ;Lab01.c: 134:     ANSELH = 0x00;
   617  00E6  0189               	clrf	9	;volatile
   618  00E7                     l1238:
   619                           
   620                           ;Lab01.c: 137:     TRISAbits.TRISA0 = 1;
   621  00E7  1683               	bsf	3,5	;RP0=1, select bank1
   622  00E8  1303               	bcf	3,6	;RP1=0, select bank1
   623  00E9  1405               	bsf	5,0	;volatile
   624  00EA                     l1240:
   625                           
   626                           ;Lab01.c: 138:     TRISAbits.TRISA4 = 0;
   627  00EA  1205               	bcf	5,4	;volatile
   628  00EB                     l1242:
   629                           
   630                           ;Lab01.c: 139:     TRISAbits.TRISA5 = 0;
   631  00EB  1285               	bcf	5,5	;volatile
   632  00EC                     l1244:
   633                           
   634                           ;Lab01.c: 140:     TRISAbits.TRISA6 = 0;
   635  00EC  1305               	bcf	5,6	;volatile
   636  00ED                     l1246:
   637                           
   638                           ;Lab01.c: 141:     TRISBbits.TRISB0 = 1;
   639  00ED  1406               	bsf	6,0	;volatile
   640  00EE                     l1248:
   641                           
   642                           ;Lab01.c: 142:     TRISBbits.TRISB1 = 1;
   643  00EE  1486               	bsf	6,1	;volatile
   644  00EF                     l1250:
   645                           
   646                           ;Lab01.c: 143:     TRISC = 0x00;
   647  00EF  0187               	clrf	7	;volatile
   648  00F0                     l1252:
   649                           
   650                           ;Lab01.c: 144:     TRISD = 0x00;
   651  00F0  0188               	clrf	8	;volatile
   652  00F1                     l1254:
   653                           
   654                           ;Lab01.c: 147:     PORTA = 0x00;
   655  00F1  1283               	bcf	3,5	;RP0=0, select bank0
   656  00F2  1303               	bcf	3,6	;RP1=0, select bank0
   657  00F3  0185               	clrf	5	;volatile
   658  00F4                     l1256:
   659                           
   660                           ;Lab01.c: 148:     PORTB = 0x00;
   661  00F4  0186               	clrf	6	;volatile
   662  00F5                     l1258:
   663                           
   664                           ;Lab01.c: 149:     PORTC = 0x00;
   665  00F5  0187               	clrf	7	;volatile
   666  00F6                     l1260:
   667                           
   668                           ;Lab01.c: 150:     PORTD = 0x00;
   669  00F6  0188               	clrf	8	;volatile
   670  00F7                     l1262:
   671                           
   672                           ;Lab01.c: 153:     OSCCONbits.IRCF2 = 0;
   673  00F7  1683               	bsf	3,5	;RP0=1, select bank1
   674  00F8  1303               	bcf	3,6	;RP1=0, select bank1
   675  00F9  130F               	bcf	15,6	;volatile
   676  00FA                     l1264:
   677                           
   678                           ;Lab01.c: 154:     OSCCONbits.IRCF1 = 1;
   679  00FA  168F               	bsf	15,5	;volatile
   680  00FB                     l1266:
   681                           
   682                           ;Lab01.c: 155:     OSCCONbits.IRCF0 = 0;
   683  00FB  120F               	bcf	15,4	;volatile
   684  00FC                     l1268:
   685                           
   686                           ;Lab01.c: 156:     OSCCONbits.SCS = 1;
   687  00FC  140F               	bsf	15,0	;volatile
   688  00FD                     l1270:
   689                           
   690                           ;Lab01.c: 159:     OPTION_REGbits.T0CS = 0;
   691  00FD  1281               	bcf	1,5	;volatile
   692  00FE                     l1272:
   693                           
   694                           ;Lab01.c: 160:     OPTION_REGbits.PSA = 0;
   695  00FE  1181               	bcf	1,3	;volatile
   696  00FF                     l1274:
   697                           
   698                           ;Lab01.c: 161:     OPTION_REGbits.PS2 = 1;
   699  00FF  1501               	bsf	1,2	;volatile
   700  0100                     l1276:
   701                           
   702                           ;Lab01.c: 162:     OPTION_REGbits.PS1 = 1;
   703  0100  1481               	bsf	1,1	;volatile
   704  0101                     l1278:
   705                           
   706                           ;Lab01.c: 163:     OPTION_REGbits.PS0 = 1;
   707  0101  1401               	bsf	1,0	;volatile
   708  0102                     l1280:
   709                           
   710                           ;Lab01.c: 166:     OPTION_REGbits.nRBPU = 0;
   711  0102  1381               	bcf	1,7	;volatile
   712  0103                     l1282:
   713                           
   714                           ;Lab01.c: 167:     WPUB = 0b00000011;
   715  0103  3003               	movlw	3
   716  0104  0095               	movwf	21	;volatile
   717  0105                     l1284:
   718                           
   719                           ;Lab01.c: 168:     IOCBbits.IOCB0 = 1;
   720  0105  1416               	bsf	22,0	;volatile
   721  0106                     l1286:
   722                           
   723                           ;Lab01.c: 169:     IOCBbits.IOCB1 = 1;
   724  0106  1496               	bsf	22,1	;volatile
   725  0107                     l1288:
   726                           
   727                           ;Lab01.c: 172:     INTCONbits.GIE = 1;
   728  0107  178B               	bsf	11,7	;volatile
   729  0108                     l1290:
   730                           
   731                           ;Lab01.c: 173:     INTCONbits.RBIF = 1;
   732  0108  140B               	bsf	11,0	;volatile
   733  0109                     l1292:
   734                           
   735                           ;Lab01.c: 174:     INTCONbits.RBIE = 1;
   736  0109  158B               	bsf	11,3	;volatile
   737  010A                     l1294:
   738                           
   739                           ;Lab01.c: 175:     INTCONbits.PEIE = 1;
   740  010A  170B               	bsf	11,6	;volatile
   741  010B                     l1296:
   742                           
   743                           ;Lab01.c: 176:     INTCONbits.T0IF = 0;
   744  010B  110B               	bcf	11,2	;volatile
   745  010C                     l1298:
   746                           
   747                           ;Lab01.c: 177:     PIE1bits.ADIE = 1;
   748  010C  170C               	bsf	12,6	;volatile
   749  010D                     l1300:
   750                           
   751                           ;Lab01.c: 178:     PIR1bits.ADIF = 0;
   752  010D  1283               	bcf	3,5	;RP0=0, select bank0
   753  010E  1303               	bcf	3,6	;RP1=0, select bank0
   754  010F  130C               	bcf	12,6	;volatile
   755  0110                     l1302:
   756                           
   757                           ;Lab01.c: 190:     ADC_conf(2);
   758  0110  3002               	movlw	2
   759  0111  120A  118A  202A  120A  118A  	fcall	_ADC_conf
   760  0116                     l105:
   761  0116  0008               	return
   762  0117                     __end_of_setup:
   763                           
   764                           	psect	text2
   765  002A                     __ptext2:	
   766 ;; *************** function _ADC_conf *****************
   767 ;; Defined at:
   768 ;;		line 20 in file "Lib01.c"
   769 ;; Parameters:    Size  Location     Type
   770 ;;  frec            1    wreg     unsigned char 
   771 ;; Auto vars:     Size  Location     Type
   772 ;;  frec            1    2[BANK0 ] unsigned char 
   773 ;; Return value:  Size  Location     Type
   774 ;;                  1    wreg      void 
   775 ;; Registers used:
   776 ;;		wreg, fsr0l, fsr0h, status,2, status,0
   777 ;; Tracked objects:
   778 ;;		On entry : 0/0
   779 ;;		On exit  : 0/0
   780 ;;		Unchanged: 0/0
   781 ;; Data sizes:     COMMON   BANK0   BANK1   BANK3   BANK2
   782 ;;      Params:         0       0       0       0       0
   783 ;;      Locals:         0       1       0       0       0
   784 ;;      Temps:          0       2       0       0       0
   785 ;;      Totals:         0       3       0       0       0
   786 ;;Total ram usage:        3 bytes
   787 ;; Hardware stack levels used:    1
   788 ;; Hardware stack levels required when called:    1
   789 ;; This function calls:
   790 ;;		Nothing
   791 ;; This function is called by:
   792 ;;		_setup
   793 ;; This function uses a non-reentrant model
   794 ;;
   795                           
   796                           
   797                           ;psect for function _ADC_conf
   798  002A                     _ADC_conf:
   799                           
   800                           ;incstack = 0
   801                           ; Regs used in _ADC_conf: [wreg-fsr0h+status,2+status,0]
   802                           ;ADC_conf@frec stored from wreg
   803  002A  1283               	bcf	3,5	;RP0=0, select bank0
   804  002B  1303               	bcf	3,6	;RP1=0, select bank0
   805  002C  00B2               	movwf	ADC_conf@frec
   806  002D                     l1158:
   807                           
   808                           ;Lib01.c: 21:     switch(frec){
   809  002D  286E               	goto	l1226
   810  002E                     l1160:
   811                           
   812                           ;Lib01.c: 23:             ADCON0bits.CHS = 0;
   813  002E  30C3               	movlw	-61
   814  002F  059F               	andwf	31,f	;volatile
   815  0030                     l1162:
   816                           
   817                           ;Lib01.c: 24:             _delay((unsigned long)((100)*(250000/4000000.0)));
   818  0030  2831               	nop2	;2 cycle nop
   819  0031  2832               	nop2	;2 cycle nop
   820  0032  2833               	nop2	;2 cycle nop
   821  0033                     l1164:
   822                           
   823                           ;Lib01.c: 26:             ADCON0bits.ADCS0 = 0;
   824  0033  1283               	bcf	3,5	;RP0=0, select bank0
   825  0034  1303               	bcf	3,6	;RP1=0, select bank0
   826  0035  131F               	bcf	31,6	;volatile
   827  0036                     l1166:
   828                           
   829                           ;Lib01.c: 27:             ADCON0bits.ADCS1 = 0;
   830  0036  139F               	bcf	31,7	;volatile
   831  0037                     l1168:
   832                           
   833                           ;Lib01.c: 28:             ADCON0bits.ADON = 1;
   834  0037  141F               	bsf	31,0	;volatile
   835  0038                     l1170:
   836                           
   837                           ;Lib01.c: 29:             ADCON1bits.ADFM = 0;
   838  0038  1683               	bsf	3,5	;RP0=1, select bank1
   839  0039  1303               	bcf	3,6	;RP1=0, select bank1
   840  003A  139F               	bcf	31,7	;volatile
   841  003B                     l1172:
   842                           
   843                           ;Lib01.c: 30:             ADCON1bits.VCFG1 = 0;
   844  003B  129F               	bcf	31,5	;volatile
   845  003C                     l1174:
   846                           
   847                           ;Lib01.c: 31:             ADCON1bits.VCFG0 = 0;
   848  003C  121F               	bcf	31,4	;volatile
   849                           
   850                           ;Lib01.c: 32:             break;
   851  003D  2884               	goto	l128
   852  003E                     l1176:
   853                           
   854                           ;Lib01.c: 34:             ADCON0bits.CHS = 0;
   855  003E  30C3               	movlw	-61
   856  003F  059F               	andwf	31,f	;volatile
   857  0040                     l1178:
   858                           
   859                           ;Lib01.c: 35:             _delay((unsigned long)((100)*(250000/4000000.0)));
   860  0040  2841               	nop2	;2 cycle nop
   861  0041  2842               	nop2	;2 cycle nop
   862  0042  2843               	nop2	;2 cycle nop
   863  0043                     l1180:
   864                           
   865                           ;Lib01.c: 37:             ADCON0bits.ADCS0 = 1;
   866  0043  1283               	bcf	3,5	;RP0=0, select bank0
   867  0044  1303               	bcf	3,6	;RP1=0, select bank0
   868  0045  171F               	bsf	31,6	;volatile
   869  0046                     l1182:
   870                           
   871                           ;Lib01.c: 38:             ADCON0bits.ADCS1 = 0;
   872  0046  139F               	bcf	31,7	;volatile
   873  0047                     l1184:
   874                           
   875                           ;Lib01.c: 39:             ADCON0bits.ADON = 1;
   876  0047  141F               	bsf	31,0	;volatile
   877  0048                     l1186:
   878                           
   879                           ;Lib01.c: 40:             ADCON1bits.ADFM = 0;
   880  0048  1683               	bsf	3,5	;RP0=1, select bank1
   881  0049  1303               	bcf	3,6	;RP1=0, select bank1
   882  004A  139F               	bcf	31,7	;volatile
   883  004B                     l1188:
   884                           
   885                           ;Lib01.c: 41:             ADCON1bits.VCFG1 = 0;
   886  004B  129F               	bcf	31,5	;volatile
   887  004C                     l1190:
   888                           
   889                           ;Lib01.c: 42:             ADCON1bits.VCFG0 = 0;
   890  004C  121F               	bcf	31,4	;volatile
   891                           
   892                           ;Lib01.c: 43:             break;
   893  004D  2884               	goto	l128
   894  004E                     l1192:
   895                           
   896                           ;Lib01.c: 45:             ADCON0bits.CHS = 0;
   897  004E  30C3               	movlw	-61
   898  004F  059F               	andwf	31,f	;volatile
   899  0050                     l1194:
   900                           
   901                           ;Lib01.c: 46:             _delay((unsigned long)((100)*(250000/4000000.0)));
   902  0050  2851               	nop2	;2 cycle nop
   903  0051  2852               	nop2	;2 cycle nop
   904  0052  2853               	nop2	;2 cycle nop
   905  0053                     l1196:
   906                           
   907                           ;Lib01.c: 48:             ADCON0bits.ADCS0 = 0;
   908  0053  1283               	bcf	3,5	;RP0=0, select bank0
   909  0054  1303               	bcf	3,6	;RP1=0, select bank0
   910  0055  131F               	bcf	31,6	;volatile
   911  0056                     l1198:
   912                           
   913                           ;Lib01.c: 49:             ADCON0bits.ADCS1 = 1;
   914  0056  179F               	bsf	31,7	;volatile
   915  0057                     l1200:
   916                           
   917                           ;Lib01.c: 50:             ADCON0bits.ADON = 1;
   918  0057  141F               	bsf	31,0	;volatile
   919  0058                     l1202:
   920                           
   921                           ;Lib01.c: 51:             ADCON1bits.ADFM = 0;
   922  0058  1683               	bsf	3,5	;RP0=1, select bank1
   923  0059  1303               	bcf	3,6	;RP1=0, select bank1
   924  005A  139F               	bcf	31,7	;volatile
   925  005B                     l1204:
   926                           
   927                           ;Lib01.c: 52:             ADCON1bits.VCFG1 = 0;
   928  005B  129F               	bcf	31,5	;volatile
   929  005C                     l1206:
   930                           
   931                           ;Lib01.c: 53:             ADCON1bits.VCFG0 = 0;
   932  005C  121F               	bcf	31,4	;volatile
   933                           
   934                           ;Lib01.c: 54:             break;
   935  005D  2884               	goto	l128
   936  005E                     l1208:
   937                           
   938                           ;Lib01.c: 56:             ADCON0bits.CHS = 0;
   939  005E  30C3               	movlw	-61
   940  005F  059F               	andwf	31,f	;volatile
   941  0060                     l1210:
   942                           
   943                           ;Lib01.c: 57:             _delay((unsigned long)((100)*(250000/4000000.0)));
   944  0060  2861               	nop2	;2 cycle nop
   945  0061  2862               	nop2	;2 cycle nop
   946  0062  2863               	nop2	;2 cycle nop
   947  0063                     l1212:
   948                           
   949                           ;Lib01.c: 59:             ADCON0bits.ADCS0 = 1;
   950  0063  1283               	bcf	3,5	;RP0=0, select bank0
   951  0064  1303               	bcf	3,6	;RP1=0, select bank0
   952  0065  171F               	bsf	31,6	;volatile
   953  0066                     l1214:
   954                           
   955                           ;Lib01.c: 60:             ADCON0bits.ADCS1 = 1;
   956  0066  179F               	bsf	31,7	;volatile
   957  0067                     l1216:
   958                           
   959                           ;Lib01.c: 61:             ADCON0bits.ADON = 1;
   960  0067  141F               	bsf	31,0	;volatile
   961  0068                     l1218:
   962                           
   963                           ;Lib01.c: 62:             ADCON1bits.ADFM = 0;
   964  0068  1683               	bsf	3,5	;RP0=1, select bank1
   965  0069  1303               	bcf	3,6	;RP1=0, select bank1
   966  006A  139F               	bcf	31,7	;volatile
   967  006B                     l1220:
   968                           
   969                           ;Lib01.c: 63:             ADCON1bits.VCFG1 = 0;
   970  006B  129F               	bcf	31,5	;volatile
   971  006C                     l1222:
   972                           
   973                           ;Lib01.c: 64:             ADCON1bits.VCFG0 = 0;
   974  006C  121F               	bcf	31,4	;volatile
   975                           
   976                           ;Lib01.c: 65:             break;
   977  006D  2884               	goto	l128
   978  006E                     l1226:
   979  006E  0832               	movf	ADC_conf@frec,w
   980  006F  00B0               	movwf	??_ADC_conf
   981  0070  01B1               	clrf	??_ADC_conf+1
   982                           
   983                           ; Switch on 2 bytes has been partitioned into a top level switch of size 1, and 1 sub-sw
      +                          itches
   984                           ; Switch size 1, requested type "simple"
   985                           ; Number of cases is 1, Range of values is 0 to 0
   986                           ; switch strategies available:
   987                           ; Name         Instructions Cycles
   988                           ; simple_byte            4     3 (average)
   989                           ; direct_byte           11     8 (fixed)
   990                           ; jumptable            260     6 (fixed)
   991                           ;	Chosen strategy is simple_byte
   992  0071  0831               	movf	??_ADC_conf+1,w
   993  0072  3A00               	xorlw	0	; case 0
   994  0073  1903               	skipnz
   995  0074  2876               	goto	l1354
   996  0075  2884               	goto	l128
   997  0076                     l1354:
   998                           
   999                           ; Switch size 1, requested type "simple"
  1000                           ; Number of cases is 4, Range of values is 0 to 3
  1001                           ; switch strategies available:
  1002                           ; Name         Instructions Cycles
  1003                           ; simple_byte           13     7 (average)
  1004                           ; direct_byte           20     8 (fixed)
  1005                           ; jumptable            260     6 (fixed)
  1006                           ;	Chosen strategy is simple_byte
  1007  0076  0830               	movf	??_ADC_conf,w
  1008  0077  3A00               	xorlw	0	; case 0
  1009  0078  1903               	skipnz
  1010  0079  282E               	goto	l1160
  1011  007A  3A01               	xorlw	1	; case 1
  1012  007B  1903               	skipnz
  1013  007C  283E               	goto	l1176
  1014  007D  3A03               	xorlw	3	; case 2
  1015  007E  1903               	skipnz
  1016  007F  284E               	goto	l1192
  1017  0080  3A01               	xorlw	1	; case 3
  1018  0081  1903               	skipnz
  1019  0082  285E               	goto	l1208
  1020  0083  2884               	goto	l128
  1021  0084                     l128:
  1022  0084  0008               	return
  1023  0085                     __end_of_ADC_conf:
  1024                           
  1025                           	psect	text3
  1026  014E                     __ptext3:	
  1027 ;; *************** function _nibbles_setup *****************
  1028 ;; Defined at:
  1029 ;;		line 193 in file "Lab01.c"
  1030 ;; Parameters:    Size  Location     Type
  1031 ;;  display         1    wreg     unsigned char 
  1032 ;; Auto vars:     Size  Location     Type
  1033 ;;  display         1    2[BANK0 ] unsigned char 
  1034 ;; Return value:  Size  Location     Type
  1035 ;;                  1    wreg      unsigned char 
  1036 ;; Registers used:
  1037 ;;		wreg, status,2, status,0
  1038 ;; Tracked objects:
  1039 ;;		On entry : 0/0
  1040 ;;		On exit  : 0/0
  1041 ;;		Unchanged: 0/0
  1042 ;; Data sizes:     COMMON   BANK0   BANK1   BANK3   BANK2
  1043 ;;      Params:         0       0       0       0       0
  1044 ;;      Locals:         0       1       0       0       0
  1045 ;;      Temps:          0       2       0       0       0
  1046 ;;      Totals:         0       3       0       0       0
  1047 ;;Total ram usage:        3 bytes
  1048 ;; Hardware stack levels used:    1
  1049 ;; Hardware stack levels required when called:    1
  1050 ;; This function calls:
  1051 ;;		Nothing
  1052 ;; This function is called by:
  1053 ;;		_main
  1054 ;; This function uses a non-reentrant model
  1055 ;;
  1056                           
  1057                           
  1058                           ;psect for function _nibbles_setup
  1059  014E                     _nibbles_setup:
  1060                           
  1061                           ;incstack = 0
  1062                           ; Regs used in _nibbles_setup: [wreg+status,2+status,0]
  1063                           ;nibbles_setup@display stored from wreg
  1064  014E  1283               	bcf	3,5	;RP0=0, select bank0
  1065  014F  1303               	bcf	3,6	;RP1=0, select bank0
  1066  0150  00B2               	movwf	nibbles_setup@display
  1067  0151                     l1304:
  1068                           
  1069                           ;Lab01.c: 194:     nib_do = display & 0x0F;
  1070  0151  0832               	movf	nibbles_setup@display,w
  1071  0152  390F               	andlw	15
  1072  0153  00B0               	movwf	??_nibbles_setup
  1073  0154  0830               	movf	??_nibbles_setup,w
  1074  0155  00F2               	movwf	_nib_do
  1075  0156                     l1306:
  1076                           
  1077                           ;Lab01.c: 195:     nib_up = (display>>4) & 0x0F;
  1078  0156  0832               	movf	nibbles_setup@display,w
  1079  0157  00B0               	movwf	??_nibbles_setup
  1080  0158  3004               	movlw	4
  1081  0159                     u195:
  1082  0159  1003               	clrc
  1083  015A  0CB0               	rrf	??_nibbles_setup,f
  1084  015B  3EFF               	addlw	-1
  1085  015C  1D03               	skipz
  1086  015D  2959               	goto	u195
  1087  015E  0830               	movf	??_nibbles_setup,w
  1088  015F  390F               	andlw	15
  1089  0160  00B1               	movwf	??_nibbles_setup+1
  1090  0161  0831               	movf	??_nibbles_setup+1,w
  1091  0162  00F3               	movwf	_nib_up
  1092  0163                     l108:
  1093  0163  0008               	return
  1094  0164                     __end_of_nibbles_setup:
  1095                           
  1096                           	psect	text4
  1097  0137                     __ptext4:	
  1098 ;; *************** function _alarma *****************
  1099 ;; Defined at:
  1100 ;;		line 199 in file "Lab01.c"
  1101 ;; Parameters:    Size  Location     Type
  1102 ;;		None
  1103 ;; Auto vars:     Size  Location     Type
  1104 ;;		None
  1105 ;; Return value:  Size  Location     Type
  1106 ;;                  1    wreg      void 
  1107 ;; Registers used:
  1108 ;;		wreg
  1109 ;; Tracked objects:
  1110 ;;		On entry : 0/0
  1111 ;;		On exit  : 0/0
  1112 ;;		Unchanged: 0/0
  1113 ;; Data sizes:     COMMON   BANK0   BANK1   BANK3   BANK2
  1114 ;;      Params:         0       0       0       0       0
  1115 ;;      Locals:         0       0       0       0       0
  1116 ;;      Temps:          0       1       0       0       0
  1117 ;;      Totals:         0       1       0       0       0
  1118 ;;Total ram usage:        1 bytes
  1119 ;; Hardware stack levels used:    1
  1120 ;; Hardware stack levels required when called:    1
  1121 ;; This function calls:
  1122 ;;		Nothing
  1123 ;; This function is called by:
  1124 ;;		_main
  1125 ;; This function uses a non-reentrant model
  1126 ;;
  1127                           
  1128                           
  1129                           ;psect for function _alarma
  1130  0137                     _alarma:
  1131  0137                     l1310:	
  1132                           ;incstack = 0
  1133                           ; Regs used in _alarma: [wreg]
  1134                           
  1135                           
  1136                           ;Lab01.c: 200:     if (ADC < PORTC){
  1137  0137  0871               	movf	_ADC+1,w
  1138  0138  3A80               	xorlw	128
  1139  0139  1283               	bcf	3,5	;RP0=0, select bank0
  1140  013A  1303               	bcf	3,6	;RP1=0, select bank0
  1141  013B  00B0               	movwf	??_alarma
  1142  013C  3080               	movlw	128
  1143  013D  0230               	subwf	??_alarma,w
  1144  013E  1D03               	skipz
  1145  013F  2942               	goto	u205
  1146  0140  0807               	movf	7,w	;volatile
  1147  0141  0270               	subwf	_ADC,w
  1148  0142                     u205:
  1149  0142  1803               	skipnc
  1150  0143  2945               	goto	u201
  1151  0144  2946               	goto	u200
  1152  0145                     u201:
  1153  0145  294A               	goto	l111
  1154  0146                     u200:
  1155  0146                     l1312:
  1156                           
  1157                           ;Lab01.c: 201:         RA4 = 1;
  1158  0146  1283               	bcf	3,5	;RP0=0, select bank0
  1159  0147  1303               	bcf	3,6	;RP1=0, select bank0
  1160  0148  1605               	bsf	5,4	;volatile
  1161                           
  1162                           ;Lab01.c: 202:     }
  1163  0149  294D               	goto	l113
  1164  014A                     l111:	
  1165                           ;Lab01.c: 203:     else {
  1166                           
  1167                           
  1168                           ;Lab01.c: 204:         RA4 = 0;
  1169  014A  1283               	bcf	3,5	;RP0=0, select bank0
  1170  014B  1303               	bcf	3,6	;RP1=0, select bank0
  1171  014C  1205               	bcf	5,4	;volatile
  1172  014D                     l113:
  1173  014D  0008               	return
  1174  014E                     __end_of_alarma:
  1175                           
  1176                           	psect	text5
  1177  0085                     __ptext5:	
  1178 ;; *************** function _isr *****************
  1179 ;; Defined at:
  1180 ;;		line 59 in file "Lab01.c"
  1181 ;; Parameters:    Size  Location     Type
  1182 ;;		None
  1183 ;; Auto vars:     Size  Location     Type
  1184 ;;		None
  1185 ;; Return value:  Size  Location     Type
  1186 ;;                  1    wreg      void 
  1187 ;; Registers used:
  1188 ;;		wreg, fsr0l, fsr0h, status,2, status,0
  1189 ;; Tracked objects:
  1190 ;;		On entry : 0/0
  1191 ;;		On exit  : 0/0
  1192 ;;		Unchanged: 0/0
  1193 ;; Data sizes:     COMMON   BANK0   BANK1   BANK3   BANK2
  1194 ;;      Params:         0       0       0       0       0
  1195 ;;      Locals:         0       0       0       0       0
  1196 ;;      Temps:          5       0       0       0       0
  1197 ;;      Totals:         5       0       0       0       0
  1198 ;;Total ram usage:        5 bytes
  1199 ;; Hardware stack levels used:    1
  1200 ;; This function calls:
  1201 ;;		Nothing
  1202 ;; This function is called by:
  1203 ;;		Interrupt level 1
  1204 ;; This function uses a non-reentrant model
  1205 ;;
  1206                           
  1207                           
  1208                           ;psect for function _isr
  1209  0085                     _isr:
  1210  0085                     i1l1088:
  1211                           
  1212                           ;Lab01.c: 62:        if(PIR1bits.ADIF == 1)
  1213  0085  1283               	bcf	3,5	;RP0=0, select bank0
  1214  0086  1303               	bcf	3,6	;RP1=0, select bank0
  1215  0087  1F0C               	btfss	12,6	;volatile
  1216  0088  288A               	goto	u11_21
  1217  0089  288B               	goto	u11_20
  1218  008A                     u11_21:
  1219  008A  289C               	goto	i1l1096
  1220  008B                     u11_20:
  1221  008B                     i1l1090:
  1222                           
  1223                           ;Lab01.c: 63:        {;Lab01.c: 64:            if(ADCON0bits.CHS == 0) {
  1224  008B  0C1F               	rrf	31,w	;volatile
  1225  008C  00F5               	movwf	??_isr
  1226  008D  0C75               	rrf	??_isr,w
  1227  008E  390F               	andlw	15
  1228  008F  3A00               	xorlw	0
  1229  0090  1D03               	skipz
  1230  0091  2893               	goto	u12_21
  1231  0092  2894               	goto	u12_20
  1232  0093                     u12_21:
  1233  0093  289B               	goto	i1l1094
  1234  0094                     u12_20:
  1235  0094                     i1l1092:
  1236                           
  1237                           ;Lab01.c: 65:                ADC = ADRESH;
  1238  0094  081E               	movf	30,w	;volatile
  1239  0095  00F5               	movwf	??_isr
  1240  0096  01F6               	clrf	??_isr+1
  1241  0097  0875               	movf	??_isr,w
  1242  0098  00F0               	movwf	_ADC
  1243  0099  0876               	movf	??_isr+1,w
  1244  009A  00F1               	movwf	_ADC+1
  1245  009B                     i1l1094:
  1246                           
  1247                           ;Lab01.c: 67:            PIR1bits.ADIF = 0;
  1248  009B  130C               	bcf	12,6	;volatile
  1249  009C                     i1l1096:
  1250                           
  1251                           ;Lab01.c: 69:     if(T0IF == 1)
  1252  009C  1D0B               	btfss	11,2	;volatile
  1253  009D  289F               	goto	u13_21
  1254  009E  28A0               	goto	u13_20
  1255  009F                     u13_21:
  1256  009F  28C0               	goto	i1l1116
  1257  00A0                     u13_20:
  1258  00A0                     i1l1098:
  1259                           
  1260                           ;Lab01.c: 70:     {;Lab01.c: 71:         RA5 = 0;
  1261  00A0  1285               	bcf	5,5	;volatile
  1262                           
  1263                           ;Lab01.c: 72:         RA6 = 0;
  1264  00A1  1305               	bcf	5,6	;volatile
  1265  00A2                     i1l1100:
  1266                           
  1267                           ;Lab01.c: 73:        if (flag == 1){
  1268  00A2  0333               	decf	_flag,w
  1269  00A3  0434               	iorwf	_flag+1,w
  1270  00A4  1D03               	btfss	3,2
  1271  00A5  28A7               	goto	u14_21
  1272  00A6  28A8               	goto	u14_20
  1273  00A7                     u14_21:
  1274  00A7  28B2               	goto	i1l88
  1275  00A8                     u14_20:
  1276  00A8                     i1l1102:
  1277                           
  1278                           ;Lab01.c: 74:             PORTAbits.RA5 = 1;
  1279  00A8  1685               	bsf	5,5	;volatile
  1280  00A9                     i1l1104:
  1281                           
  1282                           ;Lab01.c: 76:             PORTD = tabla[nib_up];
  1283  00A9  0873               	movf	_nib_up,w
  1284  00AA  3E20               	addlw	(low (_tabla| 0))& (0+255)
  1285  00AB  0084               	movwf	4
  1286  00AC  1383               	bcf	3,7	;select IRP bank0
  1287  00AD  0800               	movf	0,w
  1288  00AE  0088               	movwf	8	;volatile
  1289  00AF                     i1l1106:
  1290                           
  1291                           ;Lab01.c: 77:             flag = 0;
  1292  00AF  01B3               	clrf	_flag
  1293  00B0  01B4               	clrf	_flag+1
  1294                           
  1295                           ;Lab01.c: 78:         }
  1296  00B1  28BD               	goto	i1l1112
  1297  00B2                     i1l88:	
  1298                           ;Lab01.c: 79:         else {
  1299                           
  1300                           
  1301                           ;Lab01.c: 80:             PORTAbits.RA6 = 1;
  1302  00B2  1705               	bsf	5,6	;volatile
  1303  00B3                     i1l1108:
  1304                           
  1305                           ;Lab01.c: 82:             PORTD = tabla[nib_do];
  1306  00B3  0872               	movf	_nib_do,w
  1307  00B4  3E20               	addlw	(low (_tabla| 0))& (0+255)
  1308  00B5  0084               	movwf	4
  1309  00B6  1383               	bcf	3,7	;select IRP bank0
  1310  00B7  0800               	movf	0,w
  1311  00B8  0088               	movwf	8	;volatile
  1312  00B9                     i1l1110:
  1313                           
  1314                           ;Lab01.c: 83:             flag = 1;
  1315  00B9  3001               	movlw	1
  1316  00BA  00B3               	movwf	_flag
  1317  00BB  3000               	movlw	0
  1318  00BC  00B4               	movwf	_flag+1
  1319  00BD                     i1l1112:
  1320                           
  1321                           ;Lab01.c: 86:         INTCONbits.T0IF = 0;
  1322  00BD  110B               	bcf	11,2	;volatile
  1323  00BE                     i1l1114:
  1324                           
  1325                           ;Lab01.c: 87:         TMR0 = 255;
  1326  00BE  30FF               	movlw	255
  1327  00BF  0081               	movwf	1	;volatile
  1328  00C0                     i1l1116:
  1329                           
  1330                           ;Lab01.c: 90:     if (RBIF == 1)
  1331  00C0  1C0B               	btfss	11,0	;volatile
  1332  00C1  28C3               	goto	u15_21
  1333  00C2  28C4               	goto	u15_20
  1334  00C3                     u15_21:
  1335  00C3  28D3               	goto	i1l93
  1336  00C4                     u15_20:
  1337  00C4                     i1l1118:
  1338                           
  1339                           ;Lab01.c: 91:     {;Lab01.c: 92:         if (PORTBbits.RB0 == 0)
  1340  00C4  1806               	btfsc	6,0	;volatile
  1341  00C5  28C7               	goto	u16_21
  1342  00C6  28C8               	goto	u16_20
  1343  00C7                     u16_21:
  1344  00C7  28CB               	goto	i1l1122
  1345  00C8                     u16_20:
  1346  00C8                     i1l1120:
  1347                           
  1348                           ;Lab01.c: 93:         {;Lab01.c: 94:             PORTC = PORTC + 1;
  1349  00C8  0807               	movf	7,w	;volatile
  1350  00C9  3E01               	addlw	1
  1351  00CA  0087               	movwf	7	;volatile
  1352  00CB                     i1l1122:
  1353                           
  1354                           ;Lab01.c: 96:         if (PORTBbits.RB1 == 0)
  1355  00CB  1886               	btfsc	6,1	;volatile
  1356  00CC  28CE               	goto	u17_21
  1357  00CD  28CF               	goto	u17_20
  1358  00CE                     u17_21:
  1359  00CE  28D2               	goto	i1l1126
  1360  00CF                     u17_20:
  1361  00CF                     i1l1124:
  1362                           
  1363                           ;Lab01.c: 97:         {;Lab01.c: 98:             PORTC = PORTC - 1;
  1364  00CF  0807               	movf	7,w	;volatile
  1365  00D0  3EFF               	addlw	255
  1366  00D1  0087               	movwf	7	;volatile
  1367  00D2                     i1l1126:
  1368                           
  1369                           ;Lab01.c: 100:         INTCONbits.RBIF = 0;
  1370  00D2  100B               	bcf	11,0	;volatile
  1371  00D3                     i1l93:
  1372  00D3  0879               	movf	??_isr+4,w
  1373  00D4  008A               	movwf	10
  1374  00D5  0878               	movf	??_isr+3,w
  1375  00D6  0084               	movwf	4
  1376  00D7  0E77               	swapf	??_isr+2,w
  1377  00D8  0083               	movwf	3
  1378  00D9  0EFE               	swapf	btemp,f
  1379  00DA  0E7E               	swapf	btemp,w
  1380  00DB  0009               	retfie
  1381  00DC                     __end_of_isr:
  1382  007E                     btemp	set	126	;btemp
  1383  007E                     wtemp0	set	126
  1384                           
  1385                           	psect	intentry
  1386  0004                     __pintentry:	
  1387                           ;incstack = 0
  1388                           ; Regs used in _isr: [wreg-fsr0h+status,2+status,0]
  1389                           
  1390  0004                     interrupt_function:
  1391  007E                     saved_w	set	btemp
  1392  0004  00FE               	movwf	btemp
  1393  0005  0E03               	swapf	3,w
  1394  0006  00F7               	movwf	??_isr+2
  1395  0007  0804               	movf	4,w
  1396  0008  00F8               	movwf	??_isr+3
  1397  0009  080A               	movf	10,w
  1398  000A  00F9               	movwf	??_isr+4
  1399  000B  120A  118A  2885   	ljmp	_isr
  1400                           
  1401                           	psect	config
  1402                           
  1403                           ;Config register CONFIG1 @ 0x2007
  1404                           ;	Oscillator Selection bits
  1405                           ;	FOSC = INTRC_NOCLKOUT, INTOSCIO oscillator: I/O function on RA6/OSC2/CLKOUT pin, I/O f
      +                          unction on RA7/OSC1/CLKIN
  1406                           ;	Watchdog Timer Enable bit
  1407                           ;	WDTE = OFF, WDT disabled and can be enabled by SWDTEN bit of the WDTCON register
  1408                           ;	Power-up Timer Enable bit
  1409                           ;	PWRTE = OFF, PWRT disabled
  1410                           ;	RE3/MCLR pin function select bit
  1411                           ;	MCLRE = OFF, RE3/MCLR pin function is digital input, MCLR internally tied to VDD
  1412                           ;	Code Protection bit
  1413                           ;	CP = OFF, Program memory code protection is disabled
  1414                           ;	Data Code Protection bit
  1415                           ;	CPD = OFF, Data memory code protection is disabled
  1416                           ;	Brown Out Reset Selection bits
  1417                           ;	BOREN = OFF, BOR disabled
  1418                           ;	Internal External Switchover bit
  1419                           ;	IESO = OFF, Internal/External Switchover mode is disabled
  1420                           ;	Fail-Safe Clock Monitor Enabled bit
  1421                           ;	FCMEN = OFF, Fail-Safe Clock Monitor is disabled
  1422                           ;	Low Voltage Programming Enable bit
  1423                           ;	LVP = OFF, RB3 pin has digital I/O, HV on MCLR must be used for programming
  1424                           ;	In-Circuit Debugger Mode bit
  1425                           ;	DEBUG = 0x1, unprogrammed default
  1426  2007                     	org	8199
  1427  2007  20D4               	dw	8404
  1428                           
  1429                           ;Config register CONFIG2 @ 0x2008
  1430                           ;	Brown-out Reset Selection bit
  1431                           ;	BOR4V = BOR40V, Brown-out Reset set to 4.0V
  1432                           ;	Flash Program Memory Self Write Enable bits
  1433                           ;	WRT = OFF, Write protection off
  1434  2008                     	org	8200
  1435  2008  3FFF               	dw	16383

Data Sizes:
    Strings     0
    Constant    0
    Data        16
    BSS         7
    Persistent  2
    Stack       0

Auto Spaces:
    Space          Size  Autos    Used
    COMMON           14      5      10
    BANK0            80      3      23
    BANK1            80      0       0
    BANK3            96      0       0
    BANK2            96      0       0

Pointer List with Targets:

    None.

Critical Paths under _main in COMMON

    None.

Critical Paths under _isr in COMMON

    None.

Critical Paths under _main in BANK0

    _main->_nibbles_setup
    _setup->_ADC_conf

Critical Paths under _isr in BANK0

    None.

Critical Paths under _main in BANK1

    None.

Critical Paths under _isr in BANK1

    None.

Critical Paths under _main in BANK3

    None.

Critical Paths under _isr in BANK3

    None.

Critical Paths under _main in BANK2

    None.

Critical Paths under _isr in BANK2

    None.

Call Graph Tables:

 ---------------------------------------------------------------------------------
 (Depth) Function   	        Calls       Base Space   Used Autos Params    Refs
 ---------------------------------------------------------------------------------
 (0) _main                                                 0     0      0      75
                             _alarma
                      _nibbles_setup
                              _setup
 ---------------------------------------------------------------------------------
 (1) _setup                                                0     0      0      31
                           _ADC_conf
 ---------------------------------------------------------------------------------
 (2) _ADC_conf                                             3     3      0      31
                                              0 BANK0      3     3      0
 ---------------------------------------------------------------------------------
 (1) _nibbles_setup                                        3     3      0      44
                                              0 BANK0      3     3      0
 ---------------------------------------------------------------------------------
 (1) _alarma                                               1     1      0       0
                                              0 BANK0      1     1      0
 ---------------------------------------------------------------------------------
 Estimated maximum stack depth 2
 ---------------------------------------------------------------------------------
 (Depth) Function   	        Calls       Base Space   Used Autos Params    Refs
 ---------------------------------------------------------------------------------
 (3) _isr                                                  5     5      0       0
                                              0 COMMON     5     5      0
 ---------------------------------------------------------------------------------
 Estimated maximum stack depth 3
 ---------------------------------------------------------------------------------

 Call Graph Graphs:

 _main (ROOT)
   _alarma
   _nibbles_setup
   _setup
     _ADC_conf

 _isr (ROOT)

 Address spaces:
Name               Size   Autos  Total    Cost      Usage
BANK3               60      0       0       9        0.0%
BITBANK3            60      0       0       8        0.0%
SFR3                 0      0       0       4        0.0%
BITSFR3              0      0       0       4        0.0%
BANK2               60      0       0      11        0.0%
BITBANK2            60      0       0      10        0.0%
SFR2                 0      0       0       5        0.0%
BITSFR2              0      0       0       5        0.0%
BANK1               50      0       0       7        0.0%
BITBANK1            50      0       0       6        0.0%
SFR1                 0      0       0       2        0.0%
BITSFR1              0      0       0       2        0.0%
BANK0               50      3      17       5       28.7%
BITBANK0            50      0       0       4        0.0%
SFR0                 0      0       0       1        0.0%
BITSFR0              0      0       0       1        0.0%
COMMON               E      5       A       1       71.4%
BITCOMMON            E      0       0       0        0.0%
CODE                 0      0       0       0        0.0%
DATA                 0      0      21      12        0.0%
ABS                  0      0      21       3        0.0%
NULL                 0      0       0       0        0.0%
STACK                0      0       0       2        0.0%
EEDATA             100      0       0       0        0.0%


Microchip Technology PIC Macro Assembler V2.31 build 20201012212115 
Symbol Table                                                                                   Tue Jul 20 00:27:00 2021

                      pc 0002                       _GO 00F9                       fsr 0004  
                    l111 014A                      l113 014D                      l105 0116  
                    l108 0163                      l128 0084                      _ADC 0070  
                    _RA4 002C                      _RA5 002D                      _RA6 002E  
                    u200 0146                      u201 0145                      u210 0128  
                    u211 0127                      u205 0142                      u195 0159  
                    _isr 0085                      fsr0 0004                      indf 0000  
                   l1200 0057                     l1210 0060                     l1202 0058  
                   l1220 006B                     l1212 0063                     l1204 005B  
                   l1300 010D                     l1310 0137                     l1222 006C  
                   l1214 0066                     l1206 005C                     l1302 0110  
                   l1312 0146                     l1304 0151                     l1216 0067  
                   l1208 005E                     l1160 002E                     l1240 00EA  
                   l1320 0128                     l1306 0156                     l1218 0068  
                   l1170 0038                     l1162 0030                     l1226 006E  
                   l1250 00EF                     l1242 00EB                     l1234 00DC  
                   l1322 012E                     l1314 0117                     l1180 0043  
                   l1172 003B                     l1164 0033                     l1260 00F6  
                   l1252 00F0                     l1244 00EC                     l1236 00E6  
                   l1316 011C                     l1190 004C                     l1182 0046  
                   l1174 003C                     l1166 0036                     l1158 002D  
                   l1270 00FD                     l1262 00F7                     l1254 00F1  
                   l1246 00ED                     l1238 00E7                     l1318 0122  
                   l1192 004E                     l1184 0047                     l1176 003E  
                   l1168 0037                     l1280 0102                     l1272 00FE  
                   l1264 00FA                     l1256 00F4                     l1248 00EE  
                   l1354 0076                     l1194 0050                     l1186 0048  
                   l1178 0040                     l1290 0108                     l1282 0103  
                   l1274 00FF                     l1266 00FB                     l1258 00F5  
                   l1196 0053                     l1188 004B                     l1292 0109  
                   l1284 0105                     l1276 0100                     l1268 00FC  
                   l1198 0056                     l1294 010A                     l1286 0106  
                   l1278 0101                     l1296 010B                     l1288 0107  
                   l1298 010C                     ?_isr 0075                     _T0IF 005A  
                   _RBIF 0058                     i1l93 00D3                     i1l88 00B2  
                   _TMR0 0001                     _WPUB 0095                     _flag 0033  
                   _main 0117                     btemp 007E                     start 000E  
       __end_of_ADC_conf 0085                    ??_isr 0075                    ?_main 0075  
                  _ANSEL 0188                    u11_20 008B                    u11_21 008A  
                  u12_20 0094                    u12_21 0093                    u13_20 00A0  
                  u13_21 009F                    u14_20 00A8                    u14_21 00A7  
                  u15_20 00C4                    u15_21 00C3                    u16_20 00C8  
                  u16_21 00C7                    u17_20 00CF                    u17_21 00CE  
                  _PORTA 0005                    _PORTB 0006                    _PORTC 0007  
                  _PORTD 0008                    _TRISC 0087                    _TRISD 0088  
                  _tabla 0020                    _multi 0035                    _setup 00DC  
                  pclath 000A                    status 0003                    wtemp0 007E  
        __initialization 0011             __end_of_main 0137                   ??_main 0033  
 __size_of_nibbles_setup 0016                   _ADRESH 001E                   ?_setup 0075  
                 _ANSELH 0189                   i1l1100 00A2                   i1l1110 00B9  
                 i1l1102 00A8                   i1l1120 00C8                   i1l1112 00BD  
                 i1l1104 00A9                   i1l1122 00CB                   i1l1114 00BE  
                 i1l1106 00AF                   i1l1124 00CF                   i1l1108 00B3  
                 i1l1116 00C0                   i1l1126 00D2                   i1l1118 00C4  
                 i1l1090 008B                   i1l1092 0094                   i1l1094 009B  
                 i1l1096 009C                   i1l1088 0085                   i1l1098 00A0  
                 _alarma 0137                   _nib_do 0072                   _nib_up 0073  
                 saved_w 007E                ?_ADC_conf 0075  __end_of__initialization 0026  
          _nibbles_setup 014E           __pcstackCOMMON 0075             __pidataBANK0 0177  
          __end_of_setup 0117           _OPTION_REGbits 0081               ??_ADC_conf 0030  
                ??_setup 0033               __pbssBANK0 0035           ?_nibbles_setup 0075  
             __pmaintext 0117                  ?_alarma 0075               __pintentry 0004  
        __size_of_alarma 0017                  __ptext1 00DC                  __ptext2 002A  
                __ptext3 014E                  __ptext4 0137                  __ptext5 0085  
                _display 0074             __size_of_isr 0057     end_of_initialization 0026  
        ??_nibbles_setup 0030     nibbles_setup@display 0032                _PORTAbits 0005  
              _PORTBbits 0006                _TRISAbits 0085                _TRISBbits 0086  
      __size_of_ADC_conf 005B             ADC_conf@frec 0032           __end_of_alarma 014E  
    start_initialization 0011              __end_of_isr 00DC               init_fetch0 0164  
               ??_alarma 0030              __pdataBANK0 0020              __pbssCOMMON 0070  
              ___latbits 0002            __pcstackBANK0 0030                __pnvBANK0 0033  
               _ADC_conf 002A           __size_of_setup 003B        interrupt_function 0004  
               _IOCBbits 0096                 _PIE1bits 008C                 _PIR1bits 000C  
             _ADCON0bits 001F               _ADCON1bits 009F    __end_of_nibbles_setup 0164  
          __size_of_main 0020               _INTCONbits 000B                 init_ram0 0168  
               intlevel1 0000               _OSCCONbits 008F  
