

Microchip MPLAB XC8 Assembler V2.31 build 20201012212115 
                                                                                               Sun Aug 08 18:52:58 2021

Microchip MPLAB XC8 C Compiler v2.31 (Free license) build 20201012212115 Og1 
     1                           	processor	16F887
     2                           	pagewidth 120
     3                           	opt	flic
     4                           	psect	cinit,global,class=CODE,merge=1,delta=2
     5                           	psect	bssCOMMON,global,class=COMMON,space=1,delta=1,noexec
     6                           	psect	cstackCOMMON,global,class=COMMON,space=1,delta=1,noexec
     7                           	psect	cstackBANK0,global,class=BANK0,space=1,delta=1,noexec
     8                           	psect	maintext,global,class=CODE,split=1,delta=2
     9                           	psect	text1,local,class=CODE,merge=1,delta=2
    10                           	psect	text2,local,class=CODE,merge=1,delta=2
    11                           	psect	text3,local,class=CODE,merge=1,delta=2,group=1
    12                           	psect	text4,local,class=CODE,merge=1,delta=2
    13                           	psect	text5,local,class=CODE,merge=1,delta=2
    14                           	psect	text6,local,class=CODE,merge=1,delta=2
    15                           	psect	text7,local,class=CODE,merge=1,delta=2
    16                           	psect	text8,local,class=CODE,merge=1,delta=2
    17                           	psect	text9,local,class=CODE,merge=1,delta=2
    18                           	psect	intentry,global,class=CODE,delta=2
    19                           	psect	config,global,abs,ovrld,class=CONFIG,space=4,delta=2,noexec
    20                           	dabs	1,0x7E,2
    21  0000                     
    22                           ; Version 2.20
    23                           ; Generated 12/02/2020 GMT
    24                           ; 
    25                           ; Copyright © 2020, Microchip Technology Inc. and its subsidiaries ("Microchip")
    26                           ; All rights reserved.
    27                           ; 
    28                           ; This software is developed by Microchip Technology Inc. and its subsidiaries ("Microch
      +                          ip").
    29                           ; 
    30                           ; Redistribution and use in source and binary forms, with or without modification, are
    31                           ; permitted provided that the following conditions are met:
    32                           ; 
    33                           ;     1. Redistributions of source code must retain the above copyright notice, this lis
      +                          t of
    34                           ;        conditions and the following disclaimer.
    35                           ; 
    36                           ;     2. Redistributions in binary form must reproduce the above copyright notice, this 
      +                          list
    37                           ;        of conditions and the following disclaimer in the documentation and/or other
    38                           ;        materials provided with the distribution.
    39                           ; 
    40                           ;     3. Microchip's name may not be used to endorse or promote products derived from th
      +                          is
    41                           ;        software without specific prior written permission.
    42                           ; 
    43                           ; THIS SOFTWARE IS PROVIDED BY MICROCHIP "AS IS" AND ANY EXPRESS OR IMPLIED WARRANTIES,
    44                           ; INCLUDING, BUT NOT LIMITED TO, THE IMPLIED WARRANTIES OF MERCHANTABILITY AND FITNESS F
      +                          OR
    45                           ; PURPOSE ARE DISCLAIMED.  IN NO EVENT SHALL MICROCHIP BE LIABLE FOR ANY DIRECT, INDIREC
      +                          T,
    46                           ; INCIDENTAL, SPECIAL, EXEMPLARY, OR CONSEQUENTIAL DAMAGES (INCLUDING BUT NOT LIMITED TO
    47                           ; PROCUREMENT OF SUBSTITUTE GOODS OR SERVICES; LOSS OF USE, DATA OR PROFITS; OR BUSINESS
    48                           ; INTERRUPTION) HOWSOEVER CAUSED AND ON ANY THEORY OF LIABILITY, WHETHER IN CONTRACT, ST
      +                          RICT
    49                           ; LIABILITY, OR TORT (INCLUDING NEGLIGENCE OR OTHERWISE) ARISING IN ANY WAY OUT OF THE U
      +                          SE OF
    50                           ; THIS SOFTWARE, EVEN IF ADVISED OF THE POSSIBILITY OF SUCH DAMAGE.
    51                           ; 
    52                           ; 
    53                           ; Code-generator required, PIC16F887 Definitions
    54                           ; 
    55                           ; SFR Addresses
    56  0000                     	;# 
    57  0001                     	;# 
    58  0002                     	;# 
    59  0003                     	;# 
    60  0004                     	;# 
    61  0005                     	;# 
    62  0006                     	;# 
    63  0007                     	;# 
    64  0008                     	;# 
    65  0009                     	;# 
    66  000A                     	;# 
    67  000B                     	;# 
    68  000C                     	;# 
    69  000D                     	;# 
    70  000E                     	;# 
    71  000E                     	;# 
    72  000F                     	;# 
    73  0010                     	;# 
    74  0011                     	;# 
    75  0012                     	;# 
    76  0013                     	;# 
    77  0014                     	;# 
    78  0015                     	;# 
    79  0015                     	;# 
    80  0016                     	;# 
    81  0017                     	;# 
    82  0018                     	;# 
    83  0019                     	;# 
    84  001A                     	;# 
    85  001B                     	;# 
    86  001B                     	;# 
    87  001C                     	;# 
    88  001D                     	;# 
    89  001E                     	;# 
    90  001F                     	;# 
    91  0081                     	;# 
    92  0085                     	;# 
    93  0086                     	;# 
    94  0087                     	;# 
    95  0088                     	;# 
    96  0089                     	;# 
    97  008C                     	;# 
    98  008D                     	;# 
    99  008E                     	;# 
   100  008F                     	;# 
   101  0090                     	;# 
   102  0091                     	;# 
   103  0092                     	;# 
   104  0093                     	;# 
   105  0093                     	;# 
   106  0093                     	;# 
   107  0094                     	;# 
   108  0095                     	;# 
   109  0096                     	;# 
   110  0097                     	;# 
   111  0098                     	;# 
   112  0099                     	;# 
   113  009A                     	;# 
   114  009B                     	;# 
   115  009C                     	;# 
   116  009D                     	;# 
   117  009E                     	;# 
   118  009F                     	;# 
   119  0105                     	;# 
   120  0107                     	;# 
   121  0108                     	;# 
   122  0109                     	;# 
   123  010C                     	;# 
   124  010C                     	;# 
   125  010D                     	;# 
   126  010E                     	;# 
   127  010F                     	;# 
   128  0185                     	;# 
   129  0187                     	;# 
   130  0188                     	;# 
   131  0189                     	;# 
   132  018C                     	;# 
   133  018D                     	;# 
   134  0000                     	;# 
   135  0001                     	;# 
   136  0002                     	;# 
   137  0003                     	;# 
   138  0004                     	;# 
   139  0005                     	;# 
   140  0006                     	;# 
   141  0007                     	;# 
   142  0008                     	;# 
   143  0009                     	;# 
   144  000A                     	;# 
   145  000B                     	;# 
   146  000C                     	;# 
   147  000D                     	;# 
   148  000E                     	;# 
   149  000E                     	;# 
   150  000F                     	;# 
   151  0010                     	;# 
   152  0011                     	;# 
   153  0012                     	;# 
   154  0013                     	;# 
   155  0014                     	;# 
   156  0015                     	;# 
   157  0015                     	;# 
   158  0016                     	;# 
   159  0017                     	;# 
   160  0018                     	;# 
   161  0019                     	;# 
   162  001A                     	;# 
   163  001B                     	;# 
   164  001B                     	;# 
   165  001C                     	;# 
   166  001D                     	;# 
   167  001E                     	;# 
   168  001F                     	;# 
   169  0081                     	;# 
   170  0085                     	;# 
   171  0086                     	;# 
   172  0087                     	;# 
   173  0088                     	;# 
   174  0089                     	;# 
   175  008C                     	;# 
   176  008D                     	;# 
   177  008E                     	;# 
   178  008F                     	;# 
   179  0090                     	;# 
   180  0091                     	;# 
   181  0092                     	;# 
   182  0093                     	;# 
   183  0093                     	;# 
   184  0093                     	;# 
   185  0094                     	;# 
   186  0095                     	;# 
   187  0096                     	;# 
   188  0097                     	;# 
   189  0098                     	;# 
   190  0099                     	;# 
   191  009A                     	;# 
   192  009B                     	;# 
   193  009C                     	;# 
   194  009D                     	;# 
   195  009E                     	;# 
   196  009F                     	;# 
   197  0105                     	;# 
   198  0107                     	;# 
   199  0108                     	;# 
   200  0109                     	;# 
   201  010C                     	;# 
   202  010C                     	;# 
   203  010D                     	;# 
   204  010E                     	;# 
   205  010F                     	;# 
   206  0185                     	;# 
   207  0187                     	;# 
   208  0188                     	;# 
   209  0189                     	;# 
   210  018C                     	;# 
   211  018D                     	;# 
   212  0000                     	;# 
   213  0001                     	;# 
   214  0002                     	;# 
   215  0003                     	;# 
   216  0004                     	;# 
   217  0005                     	;# 
   218  0006                     	;# 
   219  0007                     	;# 
   220  0008                     	;# 
   221  0009                     	;# 
   222  000A                     	;# 
   223  000B                     	;# 
   224  000C                     	;# 
   225  000D                     	;# 
   226  000E                     	;# 
   227  000E                     	;# 
   228  000F                     	;# 
   229  0010                     	;# 
   230  0011                     	;# 
   231  0012                     	;# 
   232  0013                     	;# 
   233  0014                     	;# 
   234  0015                     	;# 
   235  0015                     	;# 
   236  0016                     	;# 
   237  0017                     	;# 
   238  0018                     	;# 
   239  0019                     	;# 
   240  001A                     	;# 
   241  001B                     	;# 
   242  001B                     	;# 
   243  001C                     	;# 
   244  001D                     	;# 
   245  001E                     	;# 
   246  001F                     	;# 
   247  0081                     	;# 
   248  0085                     	;# 
   249  0086                     	;# 
   250  0087                     	;# 
   251  0088                     	;# 
   252  0089                     	;# 
   253  008C                     	;# 
   254  008D                     	;# 
   255  008E                     	;# 
   256  008F                     	;# 
   257  0090                     	;# 
   258  0091                     	;# 
   259  0092                     	;# 
   260  0093                     	;# 
   261  0093                     	;# 
   262  0093                     	;# 
   263  0094                     	;# 
   264  0095                     	;# 
   265  0096                     	;# 
   266  0097                     	;# 
   267  0098                     	;# 
   268  0099                     	;# 
   269  009A                     	;# 
   270  009B                     	;# 
   271  009C                     	;# 
   272  009D                     	;# 
   273  009E                     	;# 
   274  009F                     	;# 
   275  0105                     	;# 
   276  0107                     	;# 
   277  0108                     	;# 
   278  0109                     	;# 
   279  010C                     	;# 
   280  010C                     	;# 
   281  010D                     	;# 
   282  010E                     	;# 
   283  010F                     	;# 
   284  0185                     	;# 
   285  0187                     	;# 
   286  0188                     	;# 
   287  0189                     	;# 
   288  018C                     	;# 
   289  018D                     	;# 
   290  0009                     _PORTE	set	9
   291  0008                     _PORTD	set	8
   292  0007                     _PORTC	set	7
   293  0005                     _PORTA	set	5
   294  0006                     _PORTB	set	6
   295  0013                     _SSPBUF	set	19
   296  0014                     _SSPCON	set	20
   297  0063                     _SSPIF	set	99
   298  005E                     _PEIE	set	94
   299  005F                     _GIE	set	95
   300  008F                     _OSCCONbits	set	143
   301  0086                     _TRISB	set	134
   302  0091                     _SSPCON2bits	set	145
   303  0087                     _TRISCbits	set	135
   304  0094                     _SSPSTAT	set	148
   305  0093                     _SSPADD	set	147
   306  0091                     _SSPCON2	set	145
   307  0463                     _SSPIE	set	1123
   308  043C                     _TRISC4	set	1084
   309  043B                     _TRISC3	set	1083
   310  0189                     _ANSELH	set	393
   311  0188                     _ANSEL	set	392
   312                           
   313                           	psect	cinit
   314  000F                     start_initialization:	
   315                           ; #config settings
   316                           
   317  000F                     __initialization:
   318                           
   319                           ; Clear objects allocated to COMMON
   320  000F  01FA               	clrf	__pbssCOMMON& (0+127)
   321  0010  01FB               	clrf	(__pbssCOMMON+1)& (0+127)
   322  0011                     end_of_initialization:	
   323                           ;End of C runtime variable initialization code
   324                           
   325  0011                     __end_of__initialization:
   326  0011  0183               	clrf	3
   327  0012  120A  118A  28B5   	ljmp	_main	;jump to C main() function
   328                           
   329                           	psect	bssCOMMON
   330  007A                     __pbssCOMMON:
   331  007A                     _full:
   332  007A                     	ds	2
   333                           
   334                           	psect	cstackCOMMON
   335  0070                     __pcstackCOMMON:
   336  0070                     ?_setup:
   337  0070                     ?_I2C_Master_Wait:	
   338                           ; 1 bytes @ 0x0
   339                           
   340  0070                     ?_I2C_Master_Start:	
   341                           ; 1 bytes @ 0x0
   342                           
   343  0070                     ?_I2C_Master_Stop:	
   344                           ; 1 bytes @ 0x0
   345                           
   346  0070                     ?_isr:	
   347                           ; 1 bytes @ 0x0
   348                           
   349  0070                     ??_isr:	
   350                           ; 1 bytes @ 0x0
   351                           
   352  0070                     ?_main:	
   353                           ; 1 bytes @ 0x0
   354                           
   355                           
   356                           ; 1 bytes @ 0x0
   357  0070                     	ds	2
   358  0072                     ??_I2C_Master_Wait:
   359  0072                     ??_I2C_Master_Start:	
   360                           ; 1 bytes @ 0x2
   361                           
   362  0072                     ??_I2C_Master_Stop:	
   363                           ; 1 bytes @ 0x2
   364                           
   365  0072                     ?_I2C_Master_Write:	
   366                           ; 1 bytes @ 0x2
   367                           
   368  0072                     ?_I2C_Master_Read:	
   369                           ; 1 bytes @ 0x2
   370                           
   371  0072                     ?___lldiv:	
   372                           ; 2 bytes @ 0x2
   373                           
   374  0072                     I2C_Master_Write@d:	
   375                           ; 4 bytes @ 0x2
   376                           
   377  0072                     I2C_Master_Read@a:	
   378                           ; 2 bytes @ 0x2
   379                           
   380  0072                     ___lldiv@divisor:	
   381                           ; 2 bytes @ 0x2
   382                           
   383                           
   384                           ; 4 bytes @ 0x2
   385  0072                     	ds	2
   386  0074                     ??_I2C_Master_Write:
   387  0074                     ??_I2C_Master_Read:	
   388                           ; 1 bytes @ 0x4
   389                           
   390                           
   391                           ; 1 bytes @ 0x4
   392  0074                     	ds	2
   393  0076                     I2C_Master_Read@temp:
   394  0076                     ___lldiv@dividend:	
   395                           ; 2 bytes @ 0x6
   396                           
   397                           
   398                           ; 4 bytes @ 0x6
   399  0076                     	ds	4
   400  007A                     ??_setup:
   401                           
   402                           	psect	cstackBANK0
   403  0020                     __pcstackBANK0:	
   404                           ; 1 bytes @ 0xA
   405                           
   406  0020                     ??___lldiv:
   407                           
   408                           ; 1 bytes @ 0x0
   409  0020                     	ds	1
   410  0021                     ___lldiv@quotient:
   411                           
   412                           ; 4 bytes @ 0x1
   413  0021                     	ds	4
   414  0025                     ___lldiv@counter:
   415                           
   416                           ; 1 bytes @ 0x5
   417  0025                     	ds	1
   418  0026                     ?_I2C_Master_Init:
   419  0026                     I2C_Master_Init@c:	
   420                           ; 1 bytes @ 0x6
   421                           
   422                           
   423                           ; 4 bytes @ 0x6
   424  0026                     	ds	4
   425  002A                     ??_I2C_Master_Init:
   426                           
   427                           ; 1 bytes @ 0xA
   428  002A                     	ds	4
   429  002E                     ??_main:
   430                           
   431                           ; 1 bytes @ 0xE
   432  002E                     	ds	3
   433                           
   434                           	psect	maintext
   435  00B5                     __pmaintext:	
   436 ;;
   437 ;;Main: autosize = 0, tempsize = 3, incstack = 0, save=0
   438 ;;
   439 ;; *************** function _main *****************
   440 ;; Defined at:
   441 ;;		line 72 in file "Lab04.c"
   442 ;; Parameters:    Size  Location     Type
   443 ;;		None
   444 ;; Auto vars:     Size  Location     Type
   445 ;;		None
   446 ;; Return value:  Size  Location     Type
   447 ;;                  1    wreg      void 
   448 ;; Registers used:
   449 ;;		wreg, status,2, status,0, pclath, cstack
   450 ;; Tracked objects:
   451 ;;		On entry : B00/0
   452 ;;		On exit  : 0/0
   453 ;;		Unchanged: 0/0
   454 ;; Data sizes:     COMMON   BANK0   BANK1   BANK3   BANK2
   455 ;;      Params:         0       0       0       0       0
   456 ;;      Locals:         0       0       0       0       0
   457 ;;      Temps:          0       3       0       0       0
   458 ;;      Totals:         0       3       0       0       0
   459 ;;Total ram usage:        3 bytes
   460 ;; Hardware stack levels required when called:    4
   461 ;; This function calls:
   462 ;;		_I2C_Master_Read
   463 ;;		_I2C_Master_Start
   464 ;;		_I2C_Master_Stop
   465 ;;		_I2C_Master_Write
   466 ;;		_setup
   467 ;; This function is called by:
   468 ;;		Startup code after reset
   469 ;; This function uses a non-reentrant model
   470 ;;
   471                           
   472                           
   473                           ;psect for function _main
   474  00B5                     _main:
   475  00B5                     l933:	
   476                           ;incstack = 0
   477                           ; Regs used in _main: [wreg+status,2+status,0+pclath+cstack]
   478                           
   479                           
   480                           ;Lab04.c: 74:     setup();
   481  00B5  120A  118A  211A  120A  118A  	fcall	_setup
   482  00BA                     l101:	
   483                           ;Lab04.c: 77:     while(1)
   484                           
   485                           
   486                           ;Lab04.c: 78:     {;Lab04.c: 80:         I2C_Master_Start();
   487  00BA  120A  118A  2165  120A  118A  	fcall	_I2C_Master_Start
   488                           
   489                           ;Lab04.c: 81:         I2C_Master_Write(0x51);
   490  00BF  3051               	movlw	81
   491  00C0  00F2               	movwf	I2C_Master_Write@d
   492  00C1  3000               	movlw	0
   493  00C2  00F3               	movwf	I2C_Master_Write@d+1
   494  00C3  120A  118A  2152  120A  118A  	fcall	_I2C_Master_Write
   495                           
   496                           ;Lab04.c: 82:         PORTB = I2C_Master_Read(0);
   497  00C8  3000               	movlw	0
   498  00C9  00F2               	movwf	I2C_Master_Read@a
   499  00CA  00F3               	movwf	I2C_Master_Read@a+1
   500  00CB  120A  118A  20EC  120A  118A  	fcall	_I2C_Master_Read
   501  00D0  0872               	movf	?_I2C_Master_Read,w
   502  00D1  1283               	bcf	3,5	;RP0=0, select bank0
   503  00D2  1303               	bcf	3,6	;RP1=0, select bank0
   504  00D3  0086               	movwf	6	;volatile
   505                           
   506                           ;Lab04.c: 83:         I2C_Master_Stop();
   507  00D4  120A  118A  215C  120A  118A  	fcall	_I2C_Master_Stop
   508  00D9                     l935:
   509                           
   510                           ;Lab04.c: 84:         _delay((unsigned long)((200)*(4000000/4000.0)));
   511  00D9  3002               	movlw	2
   512  00DA  1283               	bcf	3,5	;RP0=0, select bank0
   513  00DB  1303               	bcf	3,6	;RP1=0, select bank0
   514  00DC  00B0               	movwf	??_main+2
   515  00DD  3004               	movlw	4
   516  00DE  00AF               	movwf	??_main+1
   517  00DF  30B9               	movlw	185
   518  00E0  00AE               	movwf	??_main
   519  00E1                     u297:
   520  00E1  0BAE               	decfsz	??_main,f
   521  00E2  28E1               	goto	u297
   522  00E3  0BAF               	decfsz	??_main+1,f
   523  00E4  28E1               	goto	u297
   524  00E5  0BB0               	decfsz	??_main+2,f
   525  00E6  28E1               	goto	u297
   526  00E7  28E8               	nop2
   527  00E8  28BA               	goto	l101
   528  00E9  120A  118A  280C   	ljmp	start
   529  00EC                     __end_of_main:
   530                           
   531                           	psect	text1
   532  011A                     __ptext1:	
   533 ;; *************** function _setup *****************
   534 ;; Defined at:
   535 ;;		line 93 in file "Lab04.c"
   536 ;; Parameters:    Size  Location     Type
   537 ;;		None
   538 ;; Auto vars:     Size  Location     Type
   539 ;;		None
   540 ;; Return value:  Size  Location     Type
   541 ;;                  1    wreg      void 
   542 ;; Registers used:
   543 ;;		wreg, status,2, status,0, pclath, cstack
   544 ;; Tracked objects:
   545 ;;		On entry : 0/0
   546 ;;		On exit  : 0/0
   547 ;;		Unchanged: 0/0
   548 ;; Data sizes:     COMMON   BANK0   BANK1   BANK3   BANK2
   549 ;;      Params:         0       0       0       0       0
   550 ;;      Locals:         0       0       0       0       0
   551 ;;      Temps:          0       0       0       0       0
   552 ;;      Totals:         0       0       0       0       0
   553 ;;Total ram usage:        0 bytes
   554 ;; Hardware stack levels used:    1
   555 ;; Hardware stack levels required when called:    3
   556 ;; This function calls:
   557 ;;		_I2C_Master_Init
   558 ;; This function is called by:
   559 ;;		_main
   560 ;; This function uses a non-reentrant model
   561 ;;
   562                           
   563                           
   564                           ;psect for function _setup
   565  011A                     _setup:
   566  011A                     l917:	
   567                           ;incstack = 0
   568                           ; Regs used in _setup: [wreg+status,2+status,0+pclath+cstack]
   569                           
   570                           
   571                           ;Lab04.c: 95:     ANSEL = 0;
   572  011A  1683               	bsf	3,5	;RP0=1, select bank3
   573  011B  1703               	bsf	3,6	;RP1=1, select bank3
   574  011C  0188               	clrf	8	;volatile
   575                           
   576                           ;Lab04.c: 96:     ANSELH = 0;
   577  011D  0189               	clrf	9	;volatile
   578                           
   579                           ;Lab04.c: 97:     TRISB = 0;
   580  011E  1683               	bsf	3,5	;RP0=1, select bank1
   581  011F  1303               	bcf	3,6	;RP1=0, select bank1
   582  0120  0186               	clrf	6	;volatile
   583                           
   584                           ;Lab04.c: 98:     PORTB = 0;
   585  0121  1283               	bcf	3,5	;RP0=0, select bank0
   586  0122  1303               	bcf	3,6	;RP1=0, select bank0
   587  0123  0186               	clrf	6	;volatile
   588  0124                     l919:
   589                           
   590                           ;Lab04.c: 100:     TRISCbits.TRISC3 = 1;
   591  0124  1683               	bsf	3,5	;RP0=1, select bank1
   592  0125  1303               	bcf	3,6	;RP1=0, select bank1
   593  0126  1587               	bsf	7,3	;volatile
   594  0127                     l921:
   595                           
   596                           ;Lab04.c: 101:     TRISCbits.TRISC4 = 1;
   597  0127  1607               	bsf	7,4	;volatile
   598                           
   599                           ;Lab04.c: 104:     PORTA = 0x00;
   600  0128  1283               	bcf	3,5	;RP0=0, select bank0
   601  0129  1303               	bcf	3,6	;RP1=0, select bank0
   602  012A  0185               	clrf	5	;volatile
   603                           
   604                           ;Lab04.c: 105:     PORTB = 0x00;
   605  012B  0186               	clrf	6	;volatile
   606                           
   607                           ;Lab04.c: 106:     PORTC = 0x00;
   608  012C  0187               	clrf	7	;volatile
   609                           
   610                           ;Lab04.c: 107:     PORTD = 0x00;
   611  012D  0188               	clrf	8	;volatile
   612                           
   613                           ;Lab04.c: 108:     PORTE = 0x00;
   614  012E  0189               	clrf	9	;volatile
   615  012F                     l923:
   616                           
   617                           ;Lab04.c: 111:     OSCCONbits.IRCF0 = 0;
   618  012F  1683               	bsf	3,5	;RP0=1, select bank1
   619  0130  1303               	bcf	3,6	;RP1=0, select bank1
   620  0131  120F               	bcf	15,4	;volatile
   621  0132                     l925:
   622                           
   623                           ;Lab04.c: 112:     OSCCONbits.IRCF1 = 1;
   624  0132  168F               	bsf	15,5	;volatile
   625  0133                     l927:
   626                           
   627                           ;Lab04.c: 113:     OSCCONbits.IRCF2 = 1;
   628  0133  170F               	bsf	15,6	;volatile
   629  0134                     l929:
   630                           
   631                           ;Lab04.c: 114:     OSCCONbits.SCS = 1;
   632  0134  140F               	bsf	15,0	;volatile
   633  0135                     l931:
   634                           
   635                           ;Lab04.c: 123:     I2C_Master_Init(100000);
   636  0135  3000               	movlw	0
   637  0136  1283               	bcf	3,5	;RP0=0, select bank0
   638  0137  1303               	bcf	3,6	;RP1=0, select bank0
   639  0138  00A9               	movwf	I2C_Master_Init@c+3
   640  0139  3001               	movlw	1
   641  013A  00A8               	movwf	I2C_Master_Init@c+2
   642  013B  3086               	movlw	134
   643  013C  00A7               	movwf	I2C_Master_Init@c+1
   644  013D  30A0               	movlw	160
   645  013E  00A6               	movwf	I2C_Master_Init@c
   646  013F  120A  118A  207D  120A  118A  	fcall	_I2C_Master_Init
   647  0144                     l107:
   648  0144  0008               	return
   649  0145                     __end_of_setup:
   650                           
   651                           	psect	text2
   652  007D                     __ptext2:	
   653 ;; *************** function _I2C_Master_Init *****************
   654 ;; Defined at:
   655 ;;		line 16 in file "I2C.c"
   656 ;; Parameters:    Size  Location     Type
   657 ;;  c               4    6[BANK0 ] const unsigned long 
   658 ;; Auto vars:     Size  Location     Type
   659 ;;		None
   660 ;; Return value:  Size  Location     Type
   661 ;;                  1    wreg      void 
   662 ;; Registers used:
   663 ;;		wreg, status,2, status,0, pclath, cstack
   664 ;; Tracked objects:
   665 ;;		On entry : 0/0
   666 ;;		On exit  : 0/0
   667 ;;		Unchanged: 0/0
   668 ;; Data sizes:     COMMON   BANK0   BANK1   BANK3   BANK2
   669 ;;      Params:         0       4       0       0       0
   670 ;;      Locals:         0       0       0       0       0
   671 ;;      Temps:          0       4       0       0       0
   672 ;;      Totals:         0       8       0       0       0
   673 ;;Total ram usage:        8 bytes
   674 ;; Hardware stack levels used:    1
   675 ;; Hardware stack levels required when called:    2
   676 ;; This function calls:
   677 ;;		___lldiv
   678 ;; This function is called by:
   679 ;;		_setup
   680 ;; This function uses a non-reentrant model
   681 ;;
   682                           
   683                           
   684                           ;psect for function _I2C_Master_Init
   685  007D                     _I2C_Master_Init:
   686  007D                     l905:	
   687                           ;incstack = 0
   688                           ; Regs used in _I2C_Master_Init: [wreg+status,2+status,0+pclath+cstack]
   689                           
   690                           
   691                           ;I2C.c: 16: void I2C_Master_Init(const unsigned long c);I2C.c: 17: {;I2C.c: 18:     SSPC
      +                          ON = 0b00101000;
   692  007D  3028               	movlw	40
   693  007E  1283               	bcf	3,5	;RP0=0, select bank0
   694  007F  1303               	bcf	3,6	;RP1=0, select bank0
   695  0080  0094               	movwf	20	;volatile
   696  0081                     l907:
   697                           
   698                           ;I2C.c: 19:     SSPCON2 = 0;
   699  0081  1683               	bsf	3,5	;RP0=1, select bank1
   700  0082  1303               	bcf	3,6	;RP1=0, select bank1
   701  0083  0191               	clrf	17	;volatile
   702  0084                     l909:
   703                           
   704                           ;I2C.c: 20:     SSPADD = (8000000/(4*c))-1;
   705  0084  1283               	bcf	3,5	;RP0=0, select bank0
   706  0085  1303               	bcf	3,6	;RP1=0, select bank0
   707  0086  0826               	movf	I2C_Master_Init@c,w
   708  0087  00AA               	movwf	??_I2C_Master_Init
   709  0088  0827               	movf	I2C_Master_Init@c+1,w
   710  0089  00AB               	movwf	??_I2C_Master_Init+1
   711  008A  0828               	movf	I2C_Master_Init@c+2,w
   712  008B  00AC               	movwf	??_I2C_Master_Init+2
   713  008C  0829               	movf	I2C_Master_Init@c+3,w
   714  008D  00AD               	movwf	??_I2C_Master_Init+3
   715  008E  3002               	movlw	2
   716  008F                     u285:
   717  008F  1003               	clrc
   718  0090  0DAA               	rlf	??_I2C_Master_Init,f
   719  0091  0DAB               	rlf	??_I2C_Master_Init+1,f
   720  0092  0DAC               	rlf	??_I2C_Master_Init+2,f
   721  0093  0DAD               	rlf	??_I2C_Master_Init+3,f
   722  0094                     u280:
   723  0094  3EFF               	addlw	-1
   724  0095  1D03               	skipz
   725  0096  288F               	goto	u285
   726  0097  082D               	movf	??_I2C_Master_Init+3,w
   727  0098  00F5               	movwf	___lldiv@divisor+3
   728  0099  082C               	movf	??_I2C_Master_Init+2,w
   729  009A  00F4               	movwf	___lldiv@divisor+2
   730  009B  082B               	movf	??_I2C_Master_Init+1,w
   731  009C  00F3               	movwf	___lldiv@divisor+1
   732  009D  082A               	movf	??_I2C_Master_Init,w
   733  009E  00F2               	movwf	___lldiv@divisor
   734  009F  3000               	movlw	0
   735  00A0  00F9               	movwf	___lldiv@dividend+3
   736  00A1  307A               	movlw	122
   737  00A2  00F8               	movwf	___lldiv@dividend+2
   738  00A3  3012               	movlw	18
   739  00A4  00F7               	movwf	___lldiv@dividend+1
   740  00A5  3000               	movlw	0
   741  00A6  00F6               	movwf	___lldiv@dividend
   742  00A7  120A  118A  2015  120A  118A  	fcall	___lldiv
   743  00AC  0872               	movf	?___lldiv,w
   744  00AD  3EFF               	addlw	255
   745  00AE  1683               	bsf	3,5	;RP0=1, select bank1
   746  00AF  1303               	bcf	3,6	;RP1=0, select bank1
   747  00B0  0093               	movwf	19	;volatile
   748  00B1                     l911:
   749                           
   750                           ;I2C.c: 21:     SSPSTAT = 0;
   751  00B1  0194               	clrf	20	;volatile
   752  00B2                     l913:
   753                           
   754                           ;I2C.c: 22:     TRISCbits.TRISC3 = 1;
   755  00B2  1587               	bsf	7,3	;volatile
   756  00B3                     l915:
   757                           
   758                           ;I2C.c: 23:     TRISCbits.TRISC4 = 1;
   759  00B3  1607               	bsf	7,4	;volatile
   760  00B4                     l29:
   761  00B4  0008               	return
   762  00B5                     __end_of_I2C_Master_Init:
   763                           
   764                           	psect	text3
   765  0015                     __ptext3:	
   766 ;; *************** function ___lldiv *****************
   767 ;; Defined at:
   768 ;;		line 5 in file "C:\Program Files\Microchip\xc8\v2.31\pic\sources\c90\common\__lldiv.c"
   769 ;; Parameters:    Size  Location     Type
   770 ;;  divisor         4    2[COMMON] unsigned long 
   771 ;;  dividend        4    6[COMMON] unsigned long 
   772 ;; Auto vars:     Size  Location     Type
   773 ;;  quotient        4    1[BANK0 ] unsigned long 
   774 ;;  counter         1    5[BANK0 ] unsigned char 
   775 ;; Return value:  Size  Location     Type
   776 ;;                  4    2[COMMON] unsigned long 
   777 ;; Registers used:
   778 ;;		wreg, status,2, status,0
   779 ;; Tracked objects:
   780 ;;		On entry : 0/0
   781 ;;		On exit  : 0/0
   782 ;;		Unchanged: 0/0
   783 ;; Data sizes:     COMMON   BANK0   BANK1   BANK3   BANK2
   784 ;;      Params:         8       0       0       0       0
   785 ;;      Locals:         0       5       0       0       0
   786 ;;      Temps:          0       1       0       0       0
   787 ;;      Totals:         8       6       0       0       0
   788 ;;Total ram usage:       14 bytes
   789 ;; Hardware stack levels used:    1
   790 ;; Hardware stack levels required when called:    1
   791 ;; This function calls:
   792 ;;		Nothing
   793 ;; This function is called by:
   794 ;;		_I2C_Master_Init
   795 ;; This function uses a non-reentrant model
   796 ;;
   797                           
   798                           
   799                           ;psect for function ___lldiv
   800  0015                     ___lldiv:
   801  0015                     l881:	
   802                           ;incstack = 0
   803                           ; Regs used in ___lldiv: [wreg+status,2+status,0]
   804                           
   805  0015  3000               	movlw	0
   806  0016  1283               	bcf	3,5	;RP0=0, select bank0
   807  0017  1303               	bcf	3,6	;RP1=0, select bank0
   808  0018  00A4               	movwf	___lldiv@quotient+3
   809  0019  3000               	movlw	0
   810  001A  00A3               	movwf	___lldiv@quotient+2
   811  001B  3000               	movlw	0
   812  001C  00A2               	movwf	___lldiv@quotient+1
   813  001D  3000               	movlw	0
   814  001E  00A1               	movwf	___lldiv@quotient
   815  001F  0875               	movf	___lldiv@divisor+3,w
   816  0020  0474               	iorwf	___lldiv@divisor+2,w
   817  0021  0473               	iorwf	___lldiv@divisor+1,w
   818  0022  0472               	iorwf	___lldiv@divisor,w
   819  0023  1903               	skipnz
   820  0024  2826               	goto	u211
   821  0025  2827               	goto	u210
   822  0026                     u211:
   823  0026  2874               	goto	l901
   824  0027                     u210:
   825  0027                     l883:
   826  0027  01A5               	clrf	___lldiv@counter
   827  0028  0AA5               	incf	___lldiv@counter,f
   828  0029  2837               	goto	l887
   829  002A                     l885:
   830  002A  3001               	movlw	1
   831  002B  00A0               	movwf	??___lldiv
   832  002C                     u225:
   833  002C  1003               	clrc
   834  002D  0DF2               	rlf	___lldiv@divisor,f
   835  002E  0DF3               	rlf	___lldiv@divisor+1,f
   836  002F  0DF4               	rlf	___lldiv@divisor+2,f
   837  0030  0DF5               	rlf	___lldiv@divisor+3,f
   838  0031  0BA0               	decfsz	??___lldiv,f
   839  0032  282C               	goto	u225
   840  0033  3001               	movlw	1
   841  0034  00A0               	movwf	??___lldiv
   842  0035  0820               	movf	??___lldiv,w
   843  0036  07A5               	addwf	___lldiv@counter,f
   844  0037                     l887:
   845  0037  1FF5               	btfss	___lldiv@divisor+3,7
   846  0038  283A               	goto	u231
   847  0039  283B               	goto	u230
   848  003A                     u231:
   849  003A  282A               	goto	l885
   850  003B                     u230:
   851  003B                     l889:
   852  003B  3001               	movlw	1
   853  003C  00A0               	movwf	??___lldiv
   854  003D                     u245:
   855  003D  1003               	clrc
   856  003E  0DA1               	rlf	___lldiv@quotient,f
   857  003F  0DA2               	rlf	___lldiv@quotient+1,f
   858  0040  0DA3               	rlf	___lldiv@quotient+2,f
   859  0041  0DA4               	rlf	___lldiv@quotient+3,f
   860  0042  0BA0               	decfsz	??___lldiv,f
   861  0043  283D               	goto	u245
   862  0044                     l891:
   863  0044  0875               	movf	___lldiv@divisor+3,w
   864  0045  0279               	subwf	___lldiv@dividend+3,w
   865  0046  1D03               	skipz
   866  0047  2852               	goto	u255
   867  0048  0874               	movf	___lldiv@divisor+2,w
   868  0049  0278               	subwf	___lldiv@dividend+2,w
   869  004A  1D03               	skipz
   870  004B  2852               	goto	u255
   871  004C  0873               	movf	___lldiv@divisor+1,w
   872  004D  0277               	subwf	___lldiv@dividend+1,w
   873  004E  1D03               	skipz
   874  004F  2852               	goto	u255
   875  0050  0872               	movf	___lldiv@divisor,w
   876  0051  0276               	subwf	___lldiv@dividend,w
   877  0052                     u255:
   878  0052  1C03               	skipc
   879  0053  2855               	goto	u251
   880  0054  2856               	goto	u250
   881  0055                     u251:
   882  0055  2865               	goto	l897
   883  0056                     u250:
   884  0056                     l893:
   885  0056  0872               	movf	___lldiv@divisor,w
   886  0057  02F6               	subwf	___lldiv@dividend,f
   887  0058  0873               	movf	___lldiv@divisor+1,w
   888  0059  1C03               	skipc
   889  005A  0F73               	incfsz	___lldiv@divisor+1,w
   890  005B  02F7               	subwf	___lldiv@dividend+1,f
   891  005C  0874               	movf	___lldiv@divisor+2,w
   892  005D  1C03               	skipc
   893  005E  0F74               	incfsz	___lldiv@divisor+2,w
   894  005F  02F8               	subwf	___lldiv@dividend+2,f
   895  0060  0875               	movf	___lldiv@divisor+3,w
   896  0061  1C03               	skipc
   897  0062  0F75               	incfsz	___lldiv@divisor+3,w
   898  0063  02F9               	subwf	___lldiv@dividend+3,f
   899  0064                     l895:
   900  0064  1421               	bsf	___lldiv@quotient,0
   901  0065                     l897:
   902  0065  3001               	movlw	1
   903  0066                     u265:
   904  0066  1003               	clrc
   905  0067  0CF5               	rrf	___lldiv@divisor+3,f
   906  0068  0CF4               	rrf	___lldiv@divisor+2,f
   907  0069  0CF3               	rrf	___lldiv@divisor+1,f
   908  006A  0CF2               	rrf	___lldiv@divisor,f
   909  006B  3EFF               	addlw	-1
   910  006C  1D03               	skipz
   911  006D  2866               	goto	u265
   912  006E                     l899:
   913  006E  3001               	movlw	1
   914  006F  02A5               	subwf	___lldiv@counter,f
   915  0070  1D03               	btfss	3,2
   916  0071  2873               	goto	u271
   917  0072  2874               	goto	u270
   918  0073                     u271:
   919  0073  283B               	goto	l889
   920  0074                     u270:
   921  0074                     l901:
   922  0074  0824               	movf	___lldiv@quotient+3,w
   923  0075  00F5               	movwf	?___lldiv+3
   924  0076  0823               	movf	___lldiv@quotient+2,w
   925  0077  00F4               	movwf	?___lldiv+2
   926  0078  0822               	movf	___lldiv@quotient+1,w
   927  0079  00F3               	movwf	?___lldiv+1
   928  007A  0821               	movf	___lldiv@quotient,w
   929  007B  00F2               	movwf	?___lldiv
   930  007C                     l229:
   931  007C  0008               	return
   932  007D                     __end_of___lldiv:
   933                           
   934                           	psect	text4
   935  0152                     __ptext4:	
   936 ;; *************** function _I2C_Master_Write *****************
   937 ;; Defined at:
   938 ;;		line 65 in file "I2C.c"
   939 ;; Parameters:    Size  Location     Type
   940 ;;  d               2    2[COMMON] unsigned int 
   941 ;; Auto vars:     Size  Location     Type
   942 ;;		None
   943 ;; Return value:  Size  Location     Type
   944 ;;                  1    wreg      void 
   945 ;; Registers used:
   946 ;;		wreg, status,2, status,0, pclath, cstack
   947 ;; Tracked objects:
   948 ;;		On entry : 0/0
   949 ;;		On exit  : 0/0
   950 ;;		Unchanged: 0/0
   951 ;; Data sizes:     COMMON   BANK0   BANK1   BANK3   BANK2
   952 ;;      Params:         2       0       0       0       0
   953 ;;      Locals:         0       0       0       0       0
   954 ;;      Temps:          0       0       0       0       0
   955 ;;      Totals:         2       0       0       0       0
   956 ;;Total ram usage:        2 bytes
   957 ;; Hardware stack levels used:    1
   958 ;; Hardware stack levels required when called:    2
   959 ;; This function calls:
   960 ;;		_I2C_Master_Wait
   961 ;; This function is called by:
   962 ;;		_main
   963 ;; This function uses a non-reentrant model
   964 ;;
   965                           
   966                           
   967                           ;psect for function _I2C_Master_Write
   968  0152                     _I2C_Master_Write:
   969  0152                     l841:	
   970                           ;incstack = 0
   971                           ; Regs used in _I2C_Master_Write: [wreg+status,2+status,0+pclath+cstack]
   972                           
   973                           
   974                           ;I2C.c: 65: void I2C_Master_Write(unsigned d);I2C.c: 66: {;I2C.c: 67:     I2C_Master_Wai
      +                          t();
   975  0152  120A  118A  2145  120A  118A  	fcall	_I2C_Master_Wait
   976  0157                     l843:
   977                           
   978                           ;I2C.c: 68:     SSPBUF = d;
   979  0157  0872               	movf	I2C_Master_Write@d,w
   980  0158  1283               	bcf	3,5	;RP0=0, select bank0
   981  0159  1303               	bcf	3,6	;RP1=0, select bank0
   982  015A  0093               	movwf	19	;volatile
   983  015B                     l47:
   984  015B  0008               	return
   985  015C                     __end_of_I2C_Master_Write:
   986                           
   987                           	psect	text5
   988  015C                     __ptext5:	
   989 ;; *************** function _I2C_Master_Stop *****************
   990 ;; Defined at:
   991 ;;		line 55 in file "I2C.c"
   992 ;; Parameters:    Size  Location     Type
   993 ;;		None
   994 ;; Auto vars:     Size  Location     Type
   995 ;;		None
   996 ;; Return value:  Size  Location     Type
   997 ;;                  1    wreg      void 
   998 ;; Registers used:
   999 ;;		wreg, status,2, status,0, pclath, cstack
  1000 ;; Tracked objects:
  1001 ;;		On entry : 0/0
  1002 ;;		On exit  : 0/0
  1003 ;;		Unchanged: 0/0
  1004 ;; Data sizes:     COMMON   BANK0   BANK1   BANK3   BANK2
  1005 ;;      Params:         0       0       0       0       0
  1006 ;;      Locals:         0       0       0       0       0
  1007 ;;      Temps:          0       0       0       0       0
  1008 ;;      Totals:         0       0       0       0       0
  1009 ;;Total ram usage:        0 bytes
  1010 ;; Hardware stack levels used:    1
  1011 ;; Hardware stack levels required when called:    2
  1012 ;; This function calls:
  1013 ;;		_I2C_Master_Wait
  1014 ;; This function is called by:
  1015 ;;		_main
  1016 ;; This function uses a non-reentrant model
  1017 ;;
  1018                           
  1019                           
  1020                           ;psect for function _I2C_Master_Stop
  1021  015C                     _I2C_Master_Stop:
  1022  015C                     l743:	
  1023                           ;incstack = 0
  1024                           ; Regs used in _I2C_Master_Stop: [wreg+status,2+status,0+pclath+cstack]
  1025                           
  1026                           
  1027                           ;I2C.c: 57:     I2C_Master_Wait();
  1028  015C  120A  118A  2145  120A  118A  	fcall	_I2C_Master_Wait
  1029  0161                     l745:
  1030                           
  1031                           ;I2C.c: 58:     SSPCON2bits.PEN = 1;
  1032  0161  1683               	bsf	3,5	;RP0=1, select bank1
  1033  0162  1303               	bcf	3,6	;RP1=0, select bank1
  1034  0163  1511               	bsf	17,2	;volatile
  1035  0164                     l44:
  1036  0164  0008               	return
  1037  0165                     __end_of_I2C_Master_Stop:
  1038                           
  1039                           	psect	text6
  1040  0165                     __ptext6:	
  1041 ;; *************** function _I2C_Master_Start *****************
  1042 ;; Defined at:
  1043 ;;		line 39 in file "I2C.c"
  1044 ;; Parameters:    Size  Location     Type
  1045 ;;		None
  1046 ;; Auto vars:     Size  Location     Type
  1047 ;;		None
  1048 ;; Return value:  Size  Location     Type
  1049 ;;                  1    wreg      void 
  1050 ;; Registers used:
  1051 ;;		wreg, status,2, status,0, pclath, cstack
  1052 ;; Tracked objects:
  1053 ;;		On entry : 0/0
  1054 ;;		On exit  : 0/0
  1055 ;;		Unchanged: 0/0
  1056 ;; Data sizes:     COMMON   BANK0   BANK1   BANK3   BANK2
  1057 ;;      Params:         0       0       0       0       0
  1058 ;;      Locals:         0       0       0       0       0
  1059 ;;      Temps:          0       0       0       0       0
  1060 ;;      Totals:         0       0       0       0       0
  1061 ;;Total ram usage:        0 bytes
  1062 ;; Hardware stack levels used:    1
  1063 ;; Hardware stack levels required when called:    2
  1064 ;; This function calls:
  1065 ;;		_I2C_Master_Wait
  1066 ;; This function is called by:
  1067 ;;		_main
  1068 ;; This function uses a non-reentrant model
  1069 ;;
  1070                           
  1071                           
  1072                           ;psect for function _I2C_Master_Start
  1073  0165                     _I2C_Master_Start:
  1074  0165                     l739:	
  1075                           ;incstack = 0
  1076                           ; Regs used in _I2C_Master_Start: [wreg+status,2+status,0+pclath+cstack]
  1077                           
  1078                           
  1079                           ;I2C.c: 41:     I2C_Master_Wait();
  1080  0165  120A  118A  2145  120A  118A  	fcall	_I2C_Master_Wait
  1081  016A                     l741:
  1082                           
  1083                           ;I2C.c: 42:     SSPCON2bits.SEN = 1;
  1084  016A  1683               	bsf	3,5	;RP0=1, select bank1
  1085  016B  1303               	bcf	3,6	;RP1=0, select bank1
  1086  016C  1411               	bsf	17,0	;volatile
  1087  016D                     l38:
  1088  016D  0008               	return
  1089  016E                     __end_of_I2C_Master_Start:
  1090                           
  1091                           	psect	text7
  1092  00EC                     __ptext7:	
  1093 ;; *************** function _I2C_Master_Read *****************
  1094 ;; Defined at:
  1095 ;;		line 74 in file "I2C.c"
  1096 ;; Parameters:    Size  Location     Type
  1097 ;;  a               2    2[COMMON] unsigned short 
  1098 ;; Auto vars:     Size  Location     Type
  1099 ;;  temp            2    6[COMMON] unsigned short 
  1100 ;; Return value:  Size  Location     Type
  1101 ;;                  2    2[COMMON] unsigned short 
  1102 ;; Registers used:
  1103 ;;		wreg, status,2, status,0, pclath, cstack
  1104 ;; Tracked objects:
  1105 ;;		On entry : 0/0
  1106 ;;		On exit  : 0/0
  1107 ;;		Unchanged: 0/0
  1108 ;; Data sizes:     COMMON   BANK0   BANK1   BANK3   BANK2
  1109 ;;      Params:         2       0       0       0       0
  1110 ;;      Locals:         2       0       0       0       0
  1111 ;;      Temps:          2       0       0       0       0
  1112 ;;      Totals:         6       0       0       0       0
  1113 ;;Total ram usage:        6 bytes
  1114 ;; Hardware stack levels used:    1
  1115 ;; Hardware stack levels required when called:    2
  1116 ;; This function calls:
  1117 ;;		_I2C_Master_Wait
  1118 ;; This function is called by:
  1119 ;;		_main
  1120 ;; This function uses a non-reentrant model
  1121 ;;
  1122                           
  1123                           
  1124                           ;psect for function _I2C_Master_Read
  1125  00EC                     _I2C_Master_Read:
  1126  00EC                     l845:	
  1127                           ;incstack = 0
  1128                           ; Regs used in _I2C_Master_Read: [wreg+status,2+status,0+pclath+cstack]
  1129                           
  1130                           
  1131                           ;I2C.c: 74: unsigned short I2C_Master_Read(unsigned short a);I2C.c: 75: {;I2C.c: 76:    
      +                           unsigned short temp;;I2C.c: 77:     I2C_Master_Wait();
  1132  00EC  120A  118A  2145  120A  118A  	fcall	_I2C_Master_Wait
  1133  00F1                     l847:
  1134                           
  1135                           ;I2C.c: 78:     SSPCON2bits.RCEN = 1;
  1136  00F1  1683               	bsf	3,5	;RP0=1, select bank1
  1137  00F2  1303               	bcf	3,6	;RP1=0, select bank1
  1138  00F3  1591               	bsf	17,3	;volatile
  1139                           
  1140                           ;I2C.c: 79:     I2C_Master_Wait();
  1141  00F4  120A  118A  2145  120A  118A  	fcall	_I2C_Master_Wait
  1142  00F9                     l849:
  1143                           
  1144                           ;I2C.c: 80:     temp = SSPBUF;
  1145  00F9  1283               	bcf	3,5	;RP0=0, select bank0
  1146  00FA  1303               	bcf	3,6	;RP1=0, select bank0
  1147  00FB  0813               	movf	19,w	;volatile
  1148  00FC  00F4               	movwf	??_I2C_Master_Read
  1149  00FD  01F5               	clrf	??_I2C_Master_Read+1
  1150  00FE  0874               	movf	??_I2C_Master_Read,w
  1151  00FF  00F6               	movwf	I2C_Master_Read@temp
  1152  0100  0875               	movf	??_I2C_Master_Read+1,w
  1153  0101  00F7               	movwf	I2C_Master_Read@temp+1
  1154  0102                     l851:
  1155                           
  1156                           ;I2C.c: 81:     I2C_Master_Wait();
  1157  0102  120A  118A  2145  120A  118A  	fcall	_I2C_Master_Wait
  1158  0107                     l853:
  1159                           
  1160                           ;I2C.c: 82:     if(a == 1){
  1161  0107  0372               	decf	I2C_Master_Read@a,w
  1162  0108  0473               	iorwf	I2C_Master_Read@a+1,w
  1163  0109  1D03               	btfss	3,2
  1164  010A  290C               	goto	u201
  1165  010B  290D               	goto	u200
  1166  010C                     u201:
  1167  010C  2911               	goto	l50
  1168  010D                     u200:
  1169  010D                     l855:
  1170                           
  1171                           ;I2C.c: 83:         SSPCON2bits.ACKDT = 0;
  1172  010D  1683               	bsf	3,5	;RP0=1, select bank1
  1173  010E  1303               	bcf	3,6	;RP1=0, select bank1
  1174  010F  1291               	bcf	17,5	;volatile
  1175                           
  1176                           ;I2C.c: 84:     }else{
  1177  0110  2914               	goto	l51
  1178  0111                     l50:
  1179                           
  1180                           ;I2C.c: 85:         SSPCON2bits.ACKDT = 1;
  1181  0111  1683               	bsf	3,5	;RP0=1, select bank1
  1182  0112  1303               	bcf	3,6	;RP1=0, select bank1
  1183  0113  1691               	bsf	17,5	;volatile
  1184  0114                     l51:	
  1185                           ;I2C.c: 86:     }
  1186                           
  1187                           
  1188                           ;I2C.c: 87:     SSPCON2bits.ACKEN = 1;
  1189  0114  1611               	bsf	17,4	;volatile
  1190  0115                     l857:
  1191                           
  1192                           ;I2C.c: 88:     return temp;
  1193  0115  0877               	movf	I2C_Master_Read@temp+1,w
  1194  0116  00F3               	movwf	?_I2C_Master_Read+1
  1195  0117  0876               	movf	I2C_Master_Read@temp,w
  1196  0118  00F2               	movwf	?_I2C_Master_Read
  1197  0119                     l52:
  1198  0119  0008               	return
  1199  011A                     __end_of_I2C_Master_Read:
  1200                           
  1201                           	psect	text8
  1202  0145                     __ptext8:	
  1203 ;; *************** function _I2C_Master_Wait *****************
  1204 ;; Defined at:
  1205 ;;		line 32 in file "I2C.c"
  1206 ;; Parameters:    Size  Location     Type
  1207 ;;		None
  1208 ;; Auto vars:     Size  Location     Type
  1209 ;;		None
  1210 ;; Return value:  Size  Location     Type
  1211 ;;                  1    wreg      void 
  1212 ;; Registers used:
  1213 ;;		wreg, status,2
  1214 ;; Tracked objects:
  1215 ;;		On entry : 0/0
  1216 ;;		On exit  : 0/0
  1217 ;;		Unchanged: 0/0
  1218 ;; Data sizes:     COMMON   BANK0   BANK1   BANK3   BANK2
  1219 ;;      Params:         0       0       0       0       0
  1220 ;;      Locals:         0       0       0       0       0
  1221 ;;      Temps:          0       0       0       0       0
  1222 ;;      Totals:         0       0       0       0       0
  1223 ;;Total ram usage:        0 bytes
  1224 ;; Hardware stack levels used:    1
  1225 ;; Hardware stack levels required when called:    1
  1226 ;; This function calls:
  1227 ;;		Nothing
  1228 ;; This function is called by:
  1229 ;;		_I2C_Master_Start
  1230 ;;		_I2C_Master_Stop
  1231 ;;		_I2C_Master_Write
  1232 ;;		_I2C_Master_Read
  1233 ;;		_I2C_Master_RepeatedStart
  1234 ;; This function uses a non-reentrant model
  1235 ;;
  1236                           
  1237                           
  1238                           ;psect for function _I2C_Master_Wait
  1239  0145                     _I2C_Master_Wait:
  1240  0145                     l735:	
  1241                           ;incstack = 0
  1242                           ; Regs used in _I2C_Master_Wait: [wreg+status,2]
  1243                           
  1244  0145                     l32:	
  1245                           ;I2C.c: 34:     while ((SSPSTAT & 0x04) || (SSPCON2 & 0x1F));
  1246                           
  1247  0145  1683               	bsf	3,5	;RP0=1, select bank1
  1248  0146  1303               	bcf	3,6	;RP1=0, select bank1
  1249  0147  1914               	btfsc	20,2	;volatile
  1250  0148  294A               	goto	u91
  1251  0149  294B               	goto	u90
  1252  014A                     u91:
  1253  014A  2945               	goto	l32
  1254  014B                     u90:
  1255  014B                     l737:
  1256  014B  0811               	movf	17,w	;volatile
  1257  014C  391F               	andlw	31
  1258  014D  1D03               	btfss	3,2
  1259  014E  2950               	goto	u101
  1260  014F  2951               	goto	u100
  1261  0150                     u101:
  1262  0150  2945               	goto	l32
  1263  0151                     u100:
  1264  0151                     l35:
  1265  0151  0008               	return
  1266  0152                     __end_of_I2C_Master_Wait:
  1267                           
  1268                           	psect	text9
  1269  016E                     __ptext9:	
  1270 ;; *************** function _isr *****************
  1271 ;; Defined at:
  1272 ;;		line 64 in file "Lab04.c"
  1273 ;; Parameters:    Size  Location     Type
  1274 ;;		None
  1275 ;; Auto vars:     Size  Location     Type
  1276 ;;		None
  1277 ;; Return value:  Size  Location     Type
  1278 ;;                  1    wreg      void 
  1279 ;; Registers used:
  1280 ;;		None
  1281 ;; Tracked objects:
  1282 ;;		On entry : 0/0
  1283 ;;		On exit  : 0/0
  1284 ;;		Unchanged: 0/0
  1285 ;; Data sizes:     COMMON   BANK0   BANK1   BANK3   BANK2
  1286 ;;      Params:         0       0       0       0       0
  1287 ;;      Locals:         0       0       0       0       0
  1288 ;;      Temps:          2       0       0       0       0
  1289 ;;      Totals:         2       0       0       0       0
  1290 ;;Total ram usage:        2 bytes
  1291 ;; Hardware stack levels used:    1
  1292 ;; This function calls:
  1293 ;;		Nothing
  1294 ;; This function is called by:
  1295 ;;		Interrupt level 1
  1296 ;; This function uses a non-reentrant model
  1297 ;;
  1298                           
  1299                           
  1300                           ;psect for function _isr
  1301  016E                     _isr:
  1302  016E                     i1l96:
  1303  016E  0871               	movf	??_isr+1,w
  1304  016F  008A               	movwf	10
  1305  0170  0E70               	swapf	??_isr,w
  1306  0171  0083               	movwf	3
  1307  0172  0EFE               	swapf	btemp,f
  1308  0173  0E7E               	swapf	btemp,w
  1309  0174  0009               	retfie
  1310  0175                     __end_of_isr:
  1311  007E                     btemp	set	126	;btemp
  1312  007E                     wtemp0	set	126
  1313                           
  1314                           	psect	intentry
  1315  0004                     __pintentry:	
  1316                           ;incstack = 0
  1317                           ; Regs used in _isr: []
  1318                           
  1319  0004                     interrupt_function:
  1320  007E                     saved_w	set	btemp
  1321  0004  00FE               	movwf	btemp
  1322  0005  0E03               	swapf	3,w
  1323  0006  00F0               	movwf	??_isr
  1324  0007  080A               	movf	10,w
  1325  0008  00F1               	movwf	??_isr+1
  1326  0009  120A  118A  296E   	ljmp	_isr
  1327                           
  1328                           	psect	config
  1329                           
  1330                           ;Config register CONFIG1 @ 0x2007
  1331                           ;	Oscillator Selection bits
  1332                           ;	FOSC = INTRC_NOCLKOUT, INTOSCIO oscillator: I/O function on RA6/OSC2/CLKOUT pin, I/O f
      +                          unction on RA7/OSC1/CLKIN
  1333                           ;	Watchdog Timer Enable bit
  1334                           ;	WDTE = OFF, WDT disabled and can be enabled by SWDTEN bit of the WDTCON register
  1335                           ;	Power-up Timer Enable bit
  1336                           ;	PWRTE = OFF, PWRT disabled
  1337                           ;	RE3/MCLR pin function select bit
  1338                           ;	MCLRE = OFF, RE3/MCLR pin function is digital input, MCLR internally tied to VDD
  1339                           ;	Code Protection bit
  1340                           ;	CP = OFF, Program memory code protection is disabled
  1341                           ;	Data Code Protection bit
  1342                           ;	CPD = OFF, Data memory code protection is disabled
  1343                           ;	Brown Out Reset Selection bits
  1344                           ;	BOREN = OFF, BOR disabled
  1345                           ;	Internal External Switchover bit
  1346                           ;	IESO = OFF, Internal/External Switchover mode is disabled
  1347                           ;	Fail-Safe Clock Monitor Enabled bit
  1348                           ;	FCMEN = OFF, Fail-Safe Clock Monitor is disabled
  1349                           ;	Low Voltage Programming Enable bit
  1350                           ;	LVP = OFF, RB3 pin has digital I/O, HV on MCLR must be used for programming
  1351                           ;	In-Circuit Debugger Mode bit
  1352                           ;	DEBUG = 0x1, unprogrammed default
  1353  2007                     	org	8199
  1354  2007  20D4               	dw	8404
  1355                           
  1356                           ;Config register CONFIG2 @ 0x2008
  1357                           ;	Brown-out Reset Selection bit
  1358                           ;	BOR4V = BOR40V, Brown-out Reset set to 4.0V
  1359                           ;	Flash Program Memory Self Write Enable bits
  1360                           ;	WRT = OFF, Write protection off
  1361  2008                     	org	8200
  1362  2008  3FFF               	dw	16383

Data Sizes:
    Strings     0
    Constant    0
    Data        0
    BSS         2
    Persistent  0
    Stack       0

Auto Spaces:
    Space          Size  Autos    Used
    COMMON           14     10      12
    BANK0            80     17      17
    BANK1            80      0       0
    BANK3            96      0       0
    BANK2            96      0       0

Pointer List with Targets:

    None.

Critical Paths under _main in COMMON

    _I2C_Master_Init->___lldiv

Critical Paths under _isr in COMMON

    None.

Critical Paths under _main in BANK0

    _setup->_I2C_Master_Init
    _I2C_Master_Init->___lldiv

Critical Paths under _isr in BANK0

    None.

Critical Paths under _main in BANK1

    None.

Critical Paths under _isr in BANK1

    None.

Critical Paths under _main in BANK3

    None.

Critical Paths under _isr in BANK3

    None.

Critical Paths under _main in BANK2

    None.

Critical Paths under _isr in BANK2

    None.

Call Graph Tables:

 ---------------------------------------------------------------------------------
 (Depth) Function   	        Calls       Base Space   Used Autos Params    Refs
 ---------------------------------------------------------------------------------
 (0) _main                                                 3     3      0     761
                                             14 BANK0      3     3      0
                    _I2C_Master_Read
                   _I2C_Master_Start
                    _I2C_Master_Stop
                   _I2C_Master_Write
                              _setup
 ---------------------------------------------------------------------------------
 (1) _setup                                                0     0      0     542
                    _I2C_Master_Init
 ---------------------------------------------------------------------------------
 (2) _I2C_Master_Init                                      8     4      4     542
                                              6 BANK0      8     4      4
                            ___lldiv
 ---------------------------------------------------------------------------------
 (3) ___lldiv                                             14     6      8     421
                                              2 COMMON     8     0      8
                                              0 BANK0      6     6      0
 ---------------------------------------------------------------------------------
 (1) _I2C_Master_Write                                     2     0      2      98
                                              2 COMMON     2     0      2
                    _I2C_Master_Wait
 ---------------------------------------------------------------------------------
 (1) _I2C_Master_Stop                                      0     0      0       0
                    _I2C_Master_Wait
 ---------------------------------------------------------------------------------
 (1) _I2C_Master_Start                                     0     0      0       0
                    _I2C_Master_Wait
 ---------------------------------------------------------------------------------
 (1) _I2C_Master_Read                                      6     4      2     121
                                              2 COMMON     6     4      2
                    _I2C_Master_Wait
 ---------------------------------------------------------------------------------
 (2) _I2C_Master_Wait                                      0     0      0       0
 ---------------------------------------------------------------------------------
 Estimated maximum stack depth 3
 ---------------------------------------------------------------------------------
 (Depth) Function   	        Calls       Base Space   Used Autos Params    Refs
 ---------------------------------------------------------------------------------
 (4) _isr                                                  2     2      0       0
                                              0 COMMON     2     2      0
 ---------------------------------------------------------------------------------
 Estimated maximum stack depth 4
 ---------------------------------------------------------------------------------

 Call Graph Graphs:

 _main (ROOT)
   _I2C_Master_Read
     _I2C_Master_Wait
   _I2C_Master_Start
     _I2C_Master_Wait
   _I2C_Master_Stop
     _I2C_Master_Wait
   _I2C_Master_Write
     _I2C_Master_Wait
   _setup
     _I2C_Master_Init
       ___lldiv

 _isr (ROOT)

 Address spaces:
Name               Size   Autos  Total    Cost      Usage
BITCOMMON            E      0       0       0        0.0%
EEDATA             100      0       0       0        0.0%
NULL                 0      0       0       0        0.0%
CODE                 0      0       0       0        0.0%
COMMON               E      A       C       1       85.7%
BITSFR0              0      0       0       1        0.0%
SFR0                 0      0       0       1        0.0%
BITSFR1              0      0       0       2        0.0%
SFR1                 0      0       0       2        0.0%
STACK                0      0       0       2        0.0%
ABS                  0      0      1D       3        0.0%
BITBANK0            50      0       0       4        0.0%
BITSFR3              0      0       0       4        0.0%
SFR3                 0      0       0       4        0.0%
BANK0               50     11      11       5       21.2%
BITSFR2              0      0       0       5        0.0%
SFR2                 0      0       0       5        0.0%
BITBANK1            50      0       0       6        0.0%
BANK1               50      0       0       7        0.0%
BITBANK3            60      0       0       8        0.0%
BANK3               60      0       0       9        0.0%
BITBANK2            60      0       0      10        0.0%
BANK2               60      0       0      11        0.0%
DATA                 0      0      1D      12        0.0%


Microchip Technology PIC Macro Assembler V2.31 build 20201012212115 
Symbol Table                                                                                   Sun Aug 08 18:52:58 2021

                       l32 0145                         l50 0111                         l35 0151  
                       l51 0114                         l52 0119                         l44 0164  
                       l29 00B4                         l38 016D                         l47 015B  
                       u90 014B                         u91 014A                        l101 00BA  
                      l107 0144                        l229 007C                        l741 016A  
                      l901 0074                        l735 0145                        l743 015C  
                      l911 00B1                        l737 014B                        l745 0161  
                      l841 0152                        l913 00B2                        l905 007D  
                      l921 0127                        l851 0102                        l739 0165  
                      l843 0157                        l915 00B3                        l907 0081  
                      l931 0135                        l923 012F                        l853 0107  
                      l845 00EC                        l909 0084                        l925 0132  
                      l917 011A                        l933 00B5                        l855 010D  
                      l847 00F1                        l927 0133                        l919 0124  
                      l935 00D9                        l857 0115                        l849 00F9  
                      l881 0015                        l929 0134                        l891 0044  
                      l883 0027                        l893 0056                        l885 002A  
                      l895 0064                        l887 0037                        l897 0065  
                      l889 003B                        l899 006E                        _GIE 005F  
                      u100 0151                        u101 0150                        u200 010D  
                      u201 010C                        u210 0027                        u211 0026  
                      u230 003B                        u231 003A                        u225 002C  
                      u250 0056                        u251 0055                        u245 003D  
                      u270 0074                        u271 0073                        u255 0052  
                      u280 0094                        u265 0066                        u285 008F  
                      u297 00E1                        _isr 016E                       ?_isr 0070  
                     _PEIE 005E                       i1l96 016E                       _main 00B5  
                     _full 007A                       btemp 007E                       start 000C  
                    ??_isr 0070           ?_I2C_Master_Init 0026           ?_I2C_Master_Read 0072  
         ?_I2C_Master_Wait 0070           ?_I2C_Master_Stop 0070                      ?_main 0070  
                    _ANSEL 0188            __end_of___lldiv 007D                      _PORTA 0005  
                    _PORTB 0006                      _PORTC 0007                      _PORTD 0008  
                    _PORTE 0009                      _TRISB 0086                      _SSPIE 0463  
                    _SSPIF 0063                      _setup 011A                      pclath 000A  
                    status 0003                      wtemp0 007E            __initialization 000F  
             __end_of_main 00EC                     ??_main 002E          ?_I2C_Master_Start 0070  
        ?_I2C_Master_Write 0072         ??_I2C_Master_Start 0072         ??_I2C_Master_Write 0074  
                   ?_setup 0070                     _ANSELH 0189                     _SSPADD 0093  
                   _TRISC3 043B                     _TRISC4 043C                     _SSPCON 0014  
                   _SSPBUF 0013                  ??___lldiv 0020                     saved_w 007E  
  __end_of__initialization 0011             __pcstackCOMMON 0070              __end_of_setup 0145  
                  ??_setup 007A                 __pmaintext 00B5                 __pintentry 0004  
                  _SSPCON2 0091                    _SSPSTAT 0094                    ___lldiv 0015  
                  __ptext1 011A                    __ptext2 007D                    __ptext3 0015  
                  __ptext4 0152                    __ptext5 015C                    __ptext6 0165  
                  __ptext7 00EC                    __ptext8 0145                    __ptext9 016E  
             __size_of_isr 0007   __size_of_I2C_Master_Init 0038   __size_of_I2C_Master_Read 002E  
 __size_of_I2C_Master_Wait 000D   __size_of_I2C_Master_Stop 0009       end_of_initialization 0011  
__size_of_I2C_Master_Start 0009  __size_of_I2C_Master_Write 000A            ___lldiv@divisor 0072  
          ___lldiv@counter 0025           I2C_Master_Init@c 0026           I2C_Master_Read@a 0072  
                _TRISCbits 0087        start_initialization 000F                __end_of_isr 0175  
        ??_I2C_Master_Init 002A          ??_I2C_Master_Read 0074          ??_I2C_Master_Wait 0072  
        ??_I2C_Master_Stop 0072                __pbssCOMMON 007A                  ___latbits 0002  
            __pcstackBANK0 0020           _I2C_Master_Start 0165           _I2C_Master_Write 0152  
                 ?___lldiv 0072             __size_of_setup 002B          interrupt_function 0004  
      I2C_Master_Read@temp 0076           __size_of___lldiv 0068            _I2C_Master_Init 007D  
          _I2C_Master_Read 00EC            _I2C_Master_Wait 0145            _I2C_Master_Stop 015C  
            __size_of_main 0037   __end_of_I2C_Master_Start 016E   __end_of_I2C_Master_Write 015C  
                 intlevel1 0000           ___lldiv@dividend 0076                 _OSCCONbits 008F  
  __end_of_I2C_Master_Init 00B5    __end_of_I2C_Master_Read 011A    __end_of_I2C_Master_Wait 0152  
  __end_of_I2C_Master_Stop 0165           ___lldiv@quotient 0021          I2C_Master_Write@d 0072  
              _SSPCON2bits 0091  
